This is pdfTeX, Version 3.141592653-2.6-1.40.25 (MiKTeX 24.1) (preloaded format=pdflatex 2025.10.20)  30 NOV 2025 15:10
entering extended mode
 restricted \write18 enabled.
 %&-line parsing enabled.
**C:/Users/henry/dev/sigmagravity/docs/sigmagravity_paper.tex
(C:/Users/henry/dev/sigmagravity/docs/sigmagravity_paper.tex
LaTeX2e <2023-11-01> patch level 1
L3 programming layer <2024-01-04>
(C:\Program Files\MiKTeX\tex/latex/base\article.cls
Document Class: article 2023/05/17 v1.4n Standard LaTeX document class
(C:\Program Files\MiKTeX\tex/latex/base\size11.clo
File: size11.clo 2023/05/17 v1.4n Standard LaTeX file (size option)
)
\c@part=\count187
\c@section=\count188
\c@subsection=\count189
\c@subsubsection=\count190
\c@paragraph=\count191
\c@subparagraph=\count192
\c@figure=\count193
\c@table=\count194
\abovecaptionskip=\skip48
\belowcaptionskip=\skip49
\bibindent=\dimen140
)
(C:\Program Files\MiKTeX\tex/latex/base\inputenc.sty
Package: inputenc 2021/02/14 v1.3d Input encoding file
\inpenc@prehook=\toks17
\inpenc@posthook=\toks18
)
(C:\Program Files\MiKTeX\tex/latex/base\fontenc.sty
Package: fontenc 2021/04/29 v2.0v Standard LaTeX package
)
(C:\Program Files\MiKTeX\tex/latex/amsmath\amsmath.sty
Package: amsmath 2023/05/13 v2.17o AMS math features
\@mathmargin=\skip50

For additional information on amsmath, use the `?' option.
(C:\Program Files\MiKTeX\tex/latex/amsmath\amstext.sty
Package: amstext 2021/08/26 v2.01 AMS text

(C:\Program Files\MiKTeX\tex/latex/amsmath\amsgen.sty
File: amsgen.sty 1999/11/30 v2.0 generic functions
\@emptytoks=\toks19
\ex@=\dimen141
))
(C:\Program Files\MiKTeX\tex/latex/amsmath\amsbsy.sty
Package: amsbsy 1999/11/29 v1.2d Bold Symbols
\pmbraise@=\dimen142
)
(C:\Program Files\MiKTeX\tex/latex/amsmath\amsopn.sty
Package: amsopn 2022/04/08 v2.04 operator names
)
\inf@bad=\count195
LaTeX Info: Redefining \frac on input line 234.
\uproot@=\count196
\leftroot@=\count197
LaTeX Info: Redefining \overline on input line 399.
LaTeX Info: Redefining \colon on input line 410.
\classnum@=\count198
\DOTSCASE@=\count199
LaTeX Info: Redefining \ldots on input line 496.
LaTeX Info: Redefining \dots on input line 499.
LaTeX Info: Redefining \cdots on input line 620.
\Mathstrutbox@=\box51
\strutbox@=\box52
LaTeX Info: Redefining \big on input line 722.
LaTeX Info: Redefining \Big on input line 723.
LaTeX Info: Redefining \bigg on input line 724.
LaTeX Info: Redefining \Bigg on input line 725.
\big@size=\dimen143
LaTeX Font Info:    Redeclaring font encoding OML on input line 743.
LaTeX Font Info:    Redeclaring font encoding OMS on input line 744.
\macc@depth=\count266
LaTeX Info: Redefining \bmod on input line 905.
LaTeX Info: Redefining \pmod on input line 910.
LaTeX Info: Redefining \smash on input line 940.
LaTeX Info: Redefining \relbar on input line 970.
LaTeX Info: Redefining \Relbar on input line 971.
\c@MaxMatrixCols=\count267
\dotsspace@=\muskip16
\c@parentequation=\count268
\dspbrk@lvl=\count269
\tag@help=\toks20
\row@=\count270
\column@=\count271
\maxfields@=\count272
\andhelp@=\toks21
\eqnshift@=\dimen144
\alignsep@=\dimen145
\tagshift@=\dimen146
\tagwidth@=\dimen147
\totwidth@=\dimen148
\lineht@=\dimen149
\@envbody=\toks22
\multlinegap=\skip51
\multlinetaggap=\skip52
\mathdisplay@stack=\toks23
LaTeX Info: Redefining \[ on input line 2953.
LaTeX Info: Redefining \] on input line 2954.
)
(C:\Program Files\MiKTeX\tex/latex/amsfonts\amssymb.sty
Package: amssymb 2013/01/14 v3.01 AMS font symbols

(C:\Program Files\MiKTeX\tex/latex/amsfonts\amsfonts.sty
Package: amsfonts 2013/01/14 v3.01 Basic AMSFonts support
\symAMSa=\mathgroup4
\symAMSb=\mathgroup5
LaTeX Font Info:    Redeclaring math symbol \hbar on input line 98.
LaTeX Font Info:    Overwriting math alphabet `\mathfrak' in version `bold'
(Font)                  U/euf/m/n --> U/euf/b/n on input line 106.
))
(C:\Program Files\MiKTeX\tex/latex/graphics\graphicx.sty
Package: graphicx 2021/09/16 v1.2d Enhanced LaTeX Graphics (DPC,SPQR)

(C:\Program Files\MiKTeX\tex/latex/graphics\keyval.sty
Package: keyval 2022/05/29 v1.15 key=value parser (DPC)
\KV@toks@=\toks24
)
(C:\Program Files\MiKTeX\tex/latex/graphics\graphics.sty
Package: graphics 2022/03/10 v1.4e Standard LaTeX Graphics (DPC,SPQR)

(C:\Program Files\MiKTeX\tex/latex/graphics\trig.sty
Package: trig 2021/08/11 v1.11 sin cos tan (DPC)
)
(C:\Program Files\MiKTeX\tex/latex/graphics-cfg\graphics.cfg
File: graphics.cfg 2016/06/04 v1.11 sample graphics configuration
)
Package graphics Info: Driver file: pdftex.def on input line 107.

(C:\Program Files\MiKTeX\tex/latex/graphics-def\pdftex.def
File: pdftex.def 2022/09/22 v1.2b Graphics/color driver for pdftex
))
\Gin@req@height=\dimen150
\Gin@req@width=\dimen151
)
(C:\Users\henry\AppData\Roaming\MiKTeX\tex/latex/geometry\geometry.sty
Package: geometry 2020/01/02 v5.9 Page Geometry

(C:\Program Files\MiKTeX\tex/generic/iftex\ifvtex.sty
Package: ifvtex 2019/10/25 v1.7 ifvtex legacy package. Use iftex instead.

(C:\Program Files\MiKTeX\tex/generic/iftex\iftex.sty
Package: iftex 2022/02/03 v1.0f TeX engine tests
))
\Gm@cnth=\count273
\Gm@cntv=\count274
\c@Gm@tempcnt=\count275
\Gm@bindingoffset=\dimen152
\Gm@wd@mp=\dimen153
\Gm@odd@mp=\dimen154
\Gm@even@mp=\dimen155
\Gm@layoutwidth=\dimen156
\Gm@layoutheight=\dimen157
\Gm@layouthoffset=\dimen158
\Gm@layoutvoffset=\dimen159
\Gm@dimlist=\toks25

(C:\Users\henry\AppData\Roaming\MiKTeX\tex/latex/geometry\geometry.cfg))
(C:\Program Files\MiKTeX\tex/latex/hyperref\hyperref.sty
Package: hyperref 2023-11-26 v7.01g Hypertext links for LaTeX

(C:\Users\henry\AppData\Roaming\MiKTeX\tex/generic/infwarerr\infwarerr.sty
Package: infwarerr 2019/12/03 v1.5 Providing info/warning/error messages (HO)
)
(C:\Users\henry\AppData\Roaming\MiKTeX\tex/latex/kvsetkeys\kvsetkeys.sty
Package: kvsetkeys 2022-10-05 v1.19 Key value parser (HO)
)
(C:\Users\henry\AppData\Roaming\MiKTeX\tex/generic/kvdefinekeys\kvdefinekeys.st
y
Package: kvdefinekeys 2019-12-19 v1.6 Define keys (HO)
) (C:\Users\henry\AppData\Roaming\MiKTeX\tex/generic/pdfescape\pdfescape.sty
Package: pdfescape 2019/12/09 v1.15 Implements pdfTeX's escape features (HO)

(C:\Users\henry\AppData\Roaming\MiKTeX\tex/generic/ltxcmds\ltxcmds.sty
Package: ltxcmds 2023-12-04 v1.26 LaTeX kernel commands for general use (HO)
)
(C:\Program Files\MiKTeX\tex/generic/pdftexcmds\pdftexcmds.sty
Package: pdftexcmds 2020-06-27 v0.33 Utility functions of pdfTeX for LuaTeX (HO
)
Package pdftexcmds Info: \pdf@primitive is available.
Package pdftexcmds Info: \pdf@ifprimitive is available.
Package pdftexcmds Info: \pdfdraftmode found.
))
(C:\Users\henry\AppData\Roaming\MiKTeX\tex/latex/hycolor\hycolor.sty
Package: hycolor 2020-01-27 v1.10 Color options for hyperref/bookmark (HO)
)
(C:\Users\henry\AppData\Roaming\MiKTeX\tex/latex/letltxmacro\letltxmacro.sty
Package: letltxmacro 2019/12/03 v1.6 Let assignment for LaTeX macros (HO)
)
(C:\Users\henry\AppData\Roaming\MiKTeX\tex/latex/auxhook\auxhook.sty
Package: auxhook 2019-12-17 v1.6 Hooks for auxiliary files (HO)
)
(C:\Program Files\MiKTeX\tex/latex/hyperref\nameref.sty
Package: nameref 2023-11-26 v2.56 Cross-referencing by name of section

(C:\Users\henry\AppData\Roaming\MiKTeX\tex/latex/refcount\refcount.sty
Package: refcount 2019/12/15 v3.6 Data extraction from label references (HO)
)
(C:\Users\henry\AppData\Roaming\MiKTeX\tex/generic/gettitlestring\gettitlestrin
g.sty
Package: gettitlestring 2019/12/15 v1.6 Cleanup title references (HO)
 (C:\Users\henry\AppData\Roaming\MiKTeX\tex/latex/kvoptions\kvoptions.sty
Package: kvoptions 2022-06-15 v3.15 Key value format for package options (HO)
))
\c@section@level=\count276
) (C:\Program Files\MiKTeX\tex/latex/etoolbox\etoolbox.sty
Package: etoolbox 2020/10/05 v2.5k e-TeX tools for LaTeX (JAW)
\etb@tempcnta=\count277
)
\@linkdim=\dimen160
\Hy@linkcounter=\count278
\Hy@pagecounter=\count279

(C:\Program Files\MiKTeX\tex/latex/hyperref\pd1enc.def
File: pd1enc.def 2023-11-26 v7.01g Hyperref: PDFDocEncoding definition (HO)
Now handling font encoding PD1 ...
... no UTF-8 mapping file for font encoding PD1
)
(C:\Users\henry\AppData\Roaming\MiKTeX\tex/generic/intcalc\intcalc.sty
Package: intcalc 2019/12/15 v1.3 Expandable calculations with integers (HO)
)
\Hy@SavedSpaceFactor=\count280

(C:\Program Files\MiKTeX\tex/latex/hyperref\puenc.def
File: puenc.def 2023-11-26 v7.01g Hyperref: PDF Unicode definition (HO)
Now handling font encoding PU ...
... no UTF-8 mapping file for font encoding PU
)
Package hyperref Info: Hyper figures OFF on input line 4181.
Package hyperref Info: Link nesting OFF on input line 4186.
Package hyperref Info: Hyper index ON on input line 4189.
Package hyperref Info: Plain pages OFF on input line 4196.
Package hyperref Info: Backreferencing OFF on input line 4201.
Package hyperref Info: Implicit mode ON; LaTeX internals redefined.
Package hyperref Info: Bookmarks ON on input line 4448.
\c@Hy@tempcnt=\count281

(C:\Program Files\MiKTeX\tex/latex/url\url.sty
\Urlmuskip=\muskip17
Package: url 2013/09/16  ver 3.4  Verb mode for urls, etc.
)
LaTeX Info: Redefining \url on input line 4786.
\XeTeXLinkMargin=\dimen161

(C:\Users\henry\AppData\Roaming\MiKTeX\tex/generic/bitset\bitset.sty
Package: bitset 2019/12/09 v1.3 Handle bit-vector datatype (HO)

(C:\Users\henry\AppData\Roaming\MiKTeX\tex/generic/bigintcalc\bigintcalc.sty
Package: bigintcalc 2019/12/15 v1.5 Expandable calculations on big integers (HO
)
))
\Fld@menulength=\count282
\Field@Width=\dimen162
\Fld@charsize=\dimen163
Package hyperref Info: Hyper figures OFF on input line 6065.
Package hyperref Info: Link nesting OFF on input line 6070.
Package hyperref Info: Hyper index ON on input line 6073.
Package hyperref Info: backreferencing OFF on input line 6080.
Package hyperref Info: Link coloring OFF on input line 6085.
Package hyperref Info: Link coloring with OCG OFF on input line 6090.
Package hyperref Info: PDF/A mode OFF on input line 6095.

(C:\Program Files\MiKTeX\tex/latex/base\atbegshi-ltx.sty
Package: atbegshi-ltx 2021/01/10 v1.0c Emulation of the original atbegshi
package with kernel methods
)
\Hy@abspage=\count283
\c@Item=\count284
\c@Hfootnote=\count285
)
Package hyperref Info: Driver (autodetected): hpdftex.

(C:\Program Files\MiKTeX\tex/latex/hyperref\hpdftex.def
File: hpdftex.def 2023-11-26 v7.01g Hyperref driver for pdfTeX

(C:\Program Files\MiKTeX\tex/latex/base\atveryend-ltx.sty
Package: atveryend-ltx 2020/08/19 v1.0a Emulation of the original atveryend pac
kage
with kernel methods
)
\Fld@listcount=\count286
\c@bookmark@seq@number=\count287

(C:\Users\henry\AppData\Roaming\MiKTeX\tex/latex/rerunfilecheck\rerunfilecheck.
sty
Package: rerunfilecheck 2025-06-21 v1.11 Rerun checks for auxiliary files (HO)

(C:\Users\henry\AppData\Roaming\MiKTeX\tex/generic/uniquecounter\uniquecounter.
sty
Package: uniquecounter 2019/12/15 v1.4 Provide unlimited unique counter (HO)
)
Package uniquecounter Info: New unique counter `rerunfilecheck' on input line 2
84.
)
\Hy@SectionHShift=\skip53
) (C:\Users\henry\AppData\Roaming\MiKTeX\tex/latex/booktabs\booktabs.sty
Package: booktabs 2020/01/12 v1.61803398 Publication quality tables
\heavyrulewidth=\dimen164
\lightrulewidth=\dimen165
\cmidrulewidth=\dimen166
\belowrulesep=\dimen167
\belowbottomsep=\dimen168
\aboverulesep=\dimen169
\abovetopsep=\dimen170
\cmidrulesep=\dimen171
\cmidrulekern=\dimen172
\defaultaddspace=\dimen173
\@cmidla=\count288
\@cmidlb=\count289
\@aboverulesep=\dimen174
\@belowrulesep=\dimen175
\@thisruleclass=\count290
\@lastruleclass=\count291
\@thisrulewidth=\dimen176
)
(C:\Program Files\MiKTeX\tex/latex/xcolor\xcolor.sty
Package: xcolor 2023/11/15 v3.01 LaTeX color extensions (UK)

(C:\Program Files\MiKTeX\tex/latex/graphics-cfg\color.cfg
File: color.cfg 2016/01/02 v1.6 sample color configuration
)
Package xcolor Info: Driver file: pdftex.def on input line 274.

(C:\Program Files\MiKTeX\tex/latex/graphics\mathcolor.ltx)
Package xcolor Info: Model `cmy' substituted by `cmy0' on input line 1350.
Package xcolor Info: Model `hsb' substituted by `rgb' on input line 1354.
Package xcolor Info: Model `RGB' extended on input line 1366.
Package xcolor Info: Model `HTML' substituted by `rgb' on input line 1368.
Package xcolor Info: Model `Hsb' substituted by `hsb' on input line 1369.
Package xcolor Info: Model `tHsb' substituted by `hsb' on input line 1370.
Package xcolor Info: Model `HSB' substituted by `hsb' on input line 1371.
Package xcolor Info: Model `Gray' substituted by `gray' on input line 1372.
Package xcolor Info: Model `wave' substituted by `hsb' on input line 1373.
)
(C:\Program Files\MiKTeX\tex/latex/tools\longtable.sty
Package: longtable 2023-11-01 v4.19 Multi-page Table package (DPC)
\LTleft=\skip54
\LTright=\skip55
\LTpre=\skip56
\LTpost=\skip57
\LTchunksize=\count292
\LTcapwidth=\dimen177
\LT@head=\box53
\LT@firsthead=\box54
\LT@foot=\box55
\LT@lastfoot=\box56
\LT@gbox=\box57
\LT@cols=\count293
\LT@rows=\count294
\c@LT@tables=\count295
\c@LT@chunks=\count296
\LT@p@ftn=\toks26
)
(C:\Program Files\MiKTeX\tex/latex/ragged2e\ragged2e.sty
Package: ragged2e 2023/06/22 v3.6 ragged2e Package
\CenteringLeftskip=\skip58
\RaggedLeftLeftskip=\skip59
\RaggedRightLeftskip=\skip60
\CenteringRightskip=\skip61
\RaggedLeftRightskip=\skip62
\RaggedRightRightskip=\skip63
\CenteringParfillskip=\skip64
\RaggedLeftParfillskip=\skip65
\RaggedRightParfillskip=\skip66
\JustifyingParfillskip=\skip67
\CenteringParindent=\skip68
\RaggedLeftParindent=\skip69
\RaggedRightParindent=\skip70
\JustifyingParindent=\skip71
)
   defining Unicode char U+03A3 (decimal 931)
   defining Unicode char U+2020 (decimal 8224)
   defining Unicode char U+2113 (decimal 8467)
   defining Unicode char U+2192 (decimal 8594)
   defining Unicode char U+2261 (decimal 8801)
   defining Unicode char U+00D7 (decimal 215)
   defining Unicode char U+2211 (decimal 8721)
   defining Unicode char U+220F (decimal 8719)
   defining Unicode char U+2032 (decimal 8242)
   defining Unicode char U+2264 (decimal 8804)
   defining Unicode char U+2265 (decimal 8805)
   defining Unicode char U+226B (decimal 8811)
   defining Unicode char U+226A (decimal 8810)
   defining Unicode char U+27E8 (decimal 10216)
   defining Unicode char U+27E9 (decimal 10217)
   defining Unicode char U+2013 (decimal 8211)
   defining Unicode char U+2014 (decimal 8212)
   defining Unicode char U+2212 (decimal 8722)
   defining Unicode char U+2260 (decimal 8800)
   defining Unicode char U+2248 (decimal 8776)
   defining Unicode char U+00B1 (decimal 177)
Package hyperref Info: Option `colorlinks' set `true' on input line 55.

(C:\Program Files\MiKTeX\tex/latex/l3backend\l3backend-pdftex.def
File: l3backend-pdftex.def 2024-01-04 L3 backend support: PDF output (pdfTeX)
\l__color_backend_stack_int=\count297
\l__pdf_internal_box=\box58
)
(sigmagravity_paper.aux)
\openout1 = `sigmagravity_paper.aux'.

LaTeX Font Info:    Checking defaults for OML/cmm/m/it on input line 65.
LaTeX Font Info:    ... okay on input line 65.
LaTeX Font Info:    Checking defaults for OMS/cmsy/m/n on input line 65.
LaTeX Font Info:    ... okay on input line 65.
LaTeX Font Info:    Checking defaults for OT1/cmr/m/n on input line 65.
LaTeX Font Info:    ... okay on input line 65.
LaTeX Font Info:    Checking defaults for T1/cmr/m/n on input line 65.
LaTeX Font Info:    ... okay on input line 65.
LaTeX Font Info:    Checking defaults for TS1/cmr/m/n on input line 65.
LaTeX Font Info:    ... okay on input line 65.
LaTeX Font Info:    Checking defaults for OMX/cmex/m/n on input line 65.
LaTeX Font Info:    ... okay on input line 65.
LaTeX Font Info:    Checking defaults for U/cmr/m/n on input line 65.
LaTeX Font Info:    ... okay on input line 65.
LaTeX Font Info:    Checking defaults for PD1/pdf/m/n on input line 65.
LaTeX Font Info:    ... okay on input line 65.
LaTeX Font Info:    Checking defaults for PU/pdf/m/n on input line 65.
LaTeX Font Info:    ... okay on input line 65.

(C:\Program Files\MiKTeX\tex/context/base/mkii\supp-pdf.mkii
[Loading MPS to PDF converter (version 2006.09.02).]
\scratchcounter=\count298
\scratchdimen=\dimen178
\scratchbox=\box59
\nofMPsegments=\count299
\nofMParguments=\count300
\everyMPshowfont=\toks27
\MPscratchCnt=\count301
\MPscratchDim=\dimen179
\MPnumerator=\count302
\makeMPintoPDFobject=\count303
\everyMPtoPDFconversion=\toks28
) (C:\Program Files\MiKTeX\tex/latex/epstopdf-pkg\epstopdf-base.sty
Package: epstopdf-base 2020-01-24 v2.11 Base part for package epstopdf
Package epstopdf-base Info: Redefining graphics rule for `.eps' on input line 4
85.

(C:\Program Files\MiKTeX\tex/latex/00miktex\epstopdf-sys.cfg
File: epstopdf-sys.cfg 2021/03/18 v2.0 Configuration of epstopdf for MiKTeX
))
*geometry* driver: auto-detecting
*geometry* detected driver: pdftex
*geometry* verbose mode - [ preamble ] result:
* driver: pdftex
* paper: a4paper
* layout: <same size as paper>
* layoutoffset:(h,v)=(0.0pt,0.0pt)
* modes: 
* h-part:(L,W,R)=(56.9055pt, 483.69687pt, 56.9055pt)
* v-part:(T,H,B)=(56.9055pt, 731.23584pt, 56.9055pt)
* \paperwidth=597.50787pt
* \paperheight=845.04684pt
* \textwidth=483.69687pt
* \textheight=731.23584pt
* \oddsidemargin=-15.36449pt
* \evensidemargin=-15.36449pt
* \topmargin=-52.36449pt
* \headheight=12.0pt
* \headsep=25.0pt
* \topskip=11.0pt
* \footskip=30.0pt
* \marginparwidth=50.0pt
* \marginparsep=10.0pt
* \columnsep=10.0pt
* \skip\footins=10.0pt plus 4.0pt minus 2.0pt
* \hoffset=0.0pt
* \voffset=0.0pt
* \mag=1000
* \@twocolumnfalse
* \@twosidefalse
* \@mparswitchfalse
* \@reversemarginfalse
* (1in=72.27pt=25.4mm, 1cm=28.453pt)

Package hyperref Info: Link coloring ON on input line 65.
(sigmagravity_paper.out) (sigmagravity_paper.out)
\@outlinefile=\write3
\openout3 = `sigmagravity_paper.out'.

LaTeX Font Info:    Trying to load font information for U+msa on input line 74.


(C:\Program Files\MiKTeX\tex/latex/amsfonts\umsa.fd
File: umsa.fd 2013/01/14 v3.01 AMS symbols A
)
LaTeX Font Info:    Trying to load font information for U+msb on input line 74.


(C:\Program Files\MiKTeX\tex/latex/amsfonts\umsb.fd
File: umsb.fd 2013/01/14 v3.01 AMS symbols B
)

! LaTeX Error: Unicode character ‚àö (U+221A)
               not set up for use with LaTeX.

See the LaTeX manual or LaTeX Companion for explanation.
Type  H <return>  for immediate help.
 ...                                              
                                                  
l.84 ... = 1 + A √ó W(r) √ó h(g), where h(g) = ‚àö
                                                  (g‚Ä†/g) √ó g‚Ä†/(g‚Ä†+g) ...

You may provide a definition with
\DeclareUnicodeCharacter 


! LaTeX Error: Unicode character ‚ÇÄ (U+2080)
               not set up for use with LaTeX.

See the LaTeX manual or LaTeX Companion for explanation.
Type  H <return>  for immediate help.
 ...                                              
                                                  
l.84 ...and the critical acceleration g‚Ä† = cH‚ÇÄ
                                                  /(2e) ‚âà 1.2 √ó 10‚Åª¬π‚Å...

You may provide a definition with
\DeclareUnicodeCharacter 


! LaTeX Error: Unicode character ‚Åª (U+207B)
               not set up for use with LaTeX.

See the LaTeX manual or LaTeX Companion for explanation.
Type  H <return>  for immediate help.
 ...                                              
                                                  
l.84 ...eration g‚Ä† = cH‚ÇÄ/(2e) ‚âà 1.2 √ó 10‚Åª
                                                  ¬π‚Å∞ m/s¬≤ emerges from c...

You may provide a definition with
\DeclareUnicodeCharacter 


! LaTeX Error: Unicode character ‚Å∞ (U+2070)
               not set up for use with LaTeX.

See the LaTeX manual or LaTeX Companion for explanation.
Type  H <return>  for immediate help.
 ...                                              
                                                  
l.84 ...on g‚Ä† = cH‚ÇÄ/(2e) ‚âà 1.2 √ó 10‚Åª¬π‚Å∞
                                                   m/s¬≤ emerges from cosmol...

You may provide a definition with
\DeclareUnicodeCharacter 


! LaTeX Error: Unicode character Œî (U+0394)
               not set up for use with LaTeX.

See the LaTeX manual or LaTeX Companion for explanation.
Type  H <return>  for immediate help.
 ...                                              
                                                  
l.84 ...RMS = 5.7 km/s vs McGaugh/GRAVITY data (Œî
                                                   = ‚àí5.7 km/s at the sola...

You may provide a definition with
\DeclareUnicodeCharacter 


! LaTeX Error: Unicode character Œõ (U+039B)
               not set up for use with LaTeX.

See the LaTeX manual or LaTeX Companion for explanation.
Type  H <return>  for immediate help.
 ...                                              
                                                  
l.96 The standard cosmological model (Œõ
                                        CDM) addresses this through cold dar...

You may provide a definition with
\DeclareUnicodeCharacter 


! LaTeX Error: Unicode character ‚ÇÄ (U+2080)
               not set up for use with LaTeX.

See the LaTeX manual or LaTeX Companion for explanation.
Type  H <return>  for immediate help.
 ...                                              
                                                  
l.102 ...es using a single acceleration scale a‚ÇÄ
                                                   ‚âà 1.2 √ó 10‚Åª¬π‚Å∞ m/s...

You may provide a definition with
\DeclareUnicodeCharacter 


! LaTeX Error: Unicode character ‚Åª (U+207B)
               not set up for use with LaTeX.

See the LaTeX manual or LaTeX Companion for explanation.
Type  H <return>  for immediate help.
 ...                                              
                                                  
l.102 ... acceleration scale a‚ÇÄ ‚âà 1.2 √ó 10‚Åª
                                                  ¬π‚Å∞ m/s¬≤. MOND's empiri...

You may provide a definition with
\DeclareUnicodeCharacter 


! LaTeX Error: Unicode character ‚Å∞ (U+2070)
               not set up for use with LaTeX.

See the LaTeX manual or LaTeX Companion for explanation.
Type  H <return>  for immediate help.
 ...                                              
                                                  
l.102 ...leration scale a‚ÇÄ ‚âà 1.2 √ó 10‚Åª¬π‚Å∞
                                                   m/s¬≤. MOND's empirical s...

You may provide a definition with
\DeclareUnicodeCharacter 


! LaTeX Error: Unicode character Œõ (U+039B)
               not set up for use with LaTeX.

See the LaTeX manual or LaTeX Companion for explanation.
Type  H <return>  for immediate help.
 ...                                              
                                                  
l.102 ...he baryonic Tully-Fisher relation that Œõ
                                                  CDM must treat as emergent.
You may provide a definition with
\DeclareUnicodeCharacter 

[1

{C:/Users/henry/AppData/Local/MiKTeX/fonts/map/pdftex/pdftex.map}]

! LaTeX Error: Unicode character Œ≥ (U+03B3)
               not set up for use with LaTeX.

See the LaTeX manual or LaTeX Companion for explanation.
Type  H <return>  for immediate help.
 ...                                              
                                                  
l.142 Solar System & PPN Œ≥
                           ‚àí1 & \textbf{< 10‚Åª¬π¬≥} & < 10‚Åª‚Åµ & 0 \\
You may provide a definition with
\DeclareUnicodeCharacter 


! LaTeX Error: Unicode character ‚Åª (U+207B)
               not set up for use with LaTeX.

See the LaTeX manual or LaTeX Companion for explanation.
Type  H <return>  for immediate help.
 ...                                              
                                                  
l.142 ...ystem & PPN Œ≥‚àí1 & \textbf{< 10‚Åª¬π¬≥}
                                                   & < 10‚Åª‚Åµ & 0 \\
You may provide a definition with
\DeclareUnicodeCharacter 


! LaTeX Error: Unicode character ‚Åª (U+207B)
               not set up for use with LaTeX.

See the LaTeX manual or LaTeX Companion for explanation.
Type  H <return>  for immediate help.
 ...                                              
                                                  
l.142 ...N Œ≥‚àí1 & \textbf{< 10‚Åª¬π¬≥} & < 10‚Åª
                                                  ‚Åµ & 0 \\
You may provide a definition with
\DeclareUnicodeCharacter 


! LaTeX Error: Unicode character ‚Åµ (U+2075)
               not set up for use with LaTeX.

See the LaTeX manual or LaTeX Companion for explanation.
Type  H <return>  for immediate help.
 ...                                              
                                                  
l.142 ...≥‚àí1 & \textbf{< 10‚Åª¬π¬≥} & < 10‚Åª‚Åµ
                                                   & 0 \\
You may provide a definition with
\DeclareUnicodeCharacter 

! Display math should end with $$.
<to be read again> 
                   \Sigma 
l.149 *Observed: 233.3 km/s (McGaugh/GRAVITY). Œ£
                                                 -Gravity: Œî = ‚àí5.7 km/s;...
The `$' that I just saw supposedly matches a previous `$$'.
So I shall assume that you typed `$$' both times.

! Missing $ inserted.
<inserted text> 
                $
l.149 *Observed: 233.3 km/s (McGaugh/GRAVITY). Œ£
                                                 -Gravity: Œî = ‚àí5.7 km/s;...
I've inserted a begin-math/end-math symbol since I think
you left one out. Proceed, with fingers crossed.


! LaTeX Error: Unicode character Œî (U+0394)
               not set up for use with LaTeX.

See the LaTeX manual or LaTeX Companion for explanation.
Type  H <return>  for immediate help.
 ...                                              
                                                  
l.149 ....3 km/s (McGaugh/GRAVITY). Œ£-Gravity: Œî
                                                   = ‚àí5.7 km/s; MOND: Œî =...

You may provide a definition with
\DeclareUnicodeCharacter 


! LaTeX Error: Unicode character Œî (U+0394)
               not set up for use with LaTeX.

See the LaTeX manual or LaTeX Companion for explanation.
Type  H <return>  for immediate help.
 ...                                              
                                                  
l.149 ...). Œ£-Gravity: Œî = ‚àí5.7 km/s; MOND: Œî
                                                   = ‚àí0.3 km/s.
You may provide a definition with
\DeclareUnicodeCharacter 


! LaTeX Error: Bad math environment delimiter.

See the LaTeX manual or LaTeX Companion for explanation.
Type  H <return>  for immediate help.
 ...                                              
                                                  
l.150 \]
        
Your command was ignored.
Type  I <command> <return>  to replace it with another command,
or  <return>  to continue without it.

! Missing $ inserted.
<inserted text> 
                $
l.150 \]
        
I've inserted something that you may have forgotten.
(See the <inserted text> above.)
With luck, this will get me unwedged. But if you
really didn't forget anything, try typing `2' now; then
my insertion and my current dilemma will both disappear.

! Display math should end with $$.
<to be read again> 
                   \endgroup 
l.150 \]
        
The `$' that I just saw supposedly matches a previous `$$'.
So I shall assume that you typed `$$' both times.

[2]

! LaTeX Error: Unicode character ‚úì (U+2713)
               not set up for use with LaTeX.

See the LaTeX manual or LaTeX Companion for explanation.
Type  H <return>  for immediate help.
 ...                                              
                                                  
l.215 \item Gravitational wave speed = c ‚úì
                                            
You may provide a definition with
\DeclareUnicodeCharacter 


! LaTeX Error: Unicode character ‚úì (U+2713)
               not set up for use with LaTeX.

See the LaTeX manual or LaTeX Companion for explanation.
Type  H <return>  for immediate help.
 ...                                              
                                                  
l.216 ...abilities (since $\Sigma > 0$ always) ‚úì
                                                  
You may provide a definition with
\DeclareUnicodeCharacter 


! LaTeX Error: Unicode character ‚úì (U+2713)
               not set up for use with LaTeX.

See the LaTeX manual or LaTeX Companion for explanation.
Type  H <return>  for immediate help.
 ...                                              
                                                  
l.217 \item Solar System safety automatic ‚úì
                                             
You may provide a definition with
\DeclareUnicodeCharacter 

[3]

! LaTeX Error: Unicode character ‚àö (U+221A)
               not set up for use with LaTeX.

See the LaTeX manual or LaTeX Companion for explanation.
Type  H <return>  for immediate help.
 ...                                              
                                                  
l.269 ...nting Derivation: Why A = ‚àö3 for Disks}
                                                  
You may provide a definition with
\DeclareUnicodeCharacter 


! LaTeX Error: Unicode character ‚úì (U+2713)
               not set up for use with LaTeX.

See the LaTeX manual or LaTeX Companion for explanation.
Type  H <return>  for immediate help.
 ...                                              
                                                  
l.325 ...ational potential $\partial_r \Phi$ & ‚úì
                                                   Always & ‚úì Always \\
You may provide a definition with
\DeclareUnicodeCharacter 


! LaTeX Error: Unicode character ‚úì (U+2713)
               not set up for use with LaTeX.

See the LaTeX manual or LaTeX Companion for explanation.
Type  H <return>  for immediate help.
 ...                                              
                                                  
l.325 ...tial $\partial_r \Phi$ & ‚úì Always & ‚úì
                                                   Always \\
You may provide a definition with
\DeclareUnicodeCharacter 


! LaTeX Error: Unicode character ‚úó (U+2717)
               not set up for use with LaTeX.

See the LaTeX manual or LaTeX Companion for explanation.
Type  H <return>  for immediate help.
 ...                                              
                                                  
l.326 ...int (\rho v_\phi/r) dV$\allowbreak  & ‚úó
                                                   Averages to zero & ‚úì Co...

You may provide a definition with
\DeclareUnicodeCharacter 


! LaTeX Error: Unicode character ‚úì (U+2713)
               not set up for use with LaTeX.

See the LaTeX manual or LaTeX Companion for explanation.
Type  H <return>  for immediate help.
 ...                                              
                                                  
l.326 ...\allowbreak  & ‚úó Averages to zero & ‚úì
                                                   Coherent rotation \\
You may provide a definition with
\DeclareUnicodeCharacter 


! LaTeX Error: Unicode character ‚úó (U+2717)
               not set up for use with LaTeX.

See the LaTeX manual or LaTeX Companion for explanation.
Type  H <return>  for immediate help.
 ...                                              
                                                  
l.327 ... geometry breaks spherical symmetry & ‚úó
                                                   Averages to zero & ‚úì Di...

You may provide a definition with
\DeclareUnicodeCharacter 


! LaTeX Error: Unicode character ‚úì (U+2713)
               not set up for use with LaTeX.

See the LaTeX manual or LaTeX Companion for explanation.
Type  H <return>  for immediate help.
 ...                                              
                                                  
l.327 ...cal symmetry & ‚úó Averages to zero & ‚úì
                                                   Disk geometry \\
You may provide a definition with
\DeclareUnicodeCharacter 


Overfull \hbox (71.16437pt too wide) in paragraph at lines 321--330
 [][] 
 []

[4]

! LaTeX Error: Unicode character ‚àö (U+221A)
               not set up for use with LaTeX.

See the LaTeX manual or LaTeX Companion for explanation.
Type  H <return>  for immediate help.
 ...                                              
                                                  
l.344 ...ic origin of A = ‚àö3 for disk galaxies.}
                                                  
You may provide a definition with
\DeclareUnicodeCharacter 


! LaTeX Error: Unicode character œÄ (U+03C0)
               not set up for use with LaTeX.

See the LaTeX manual or LaTeX Companion for explanation.
Type  H <return>  for immediate help.
 ...                                              
                                                  
l.347 ...nting for Spherical Clusters: A = œÄ‚àö2}
                                                  
You may provide a definition with
\DeclareUnicodeCharacter 


! LaTeX Error: Unicode character ‚àö (U+221A)
               not set up for use with LaTeX.

See the LaTeX manual or LaTeX Companion for explanation.
Type  H <return>  for immediate help.
 ...                                              
                                                  
l.347 ...nting for Spherical Clusters: A = œÄ‚àö2}
                                                  
You may provide a definition with
\DeclareUnicodeCharacter 

[5]
<../figures/coherence_window.png, id=202, 714.2685pt x 281.853pt>
File: ../figures/coherence_window.png Graphic file (type png)
<use ../figures/coherence_window.png>
Package pdftex.def Info: ../figures/coherence_window.png  used on input line 43
7.
(pdftex.def)             Requested size: 386.95897pt x 152.69724pt.
 [6 <../figures/coherence_window.png>]

! LaTeX Error: Unicode character ‚úì (U+2713)
               not set up for use with LaTeX.

See the LaTeX manual or LaTeX Companion for explanation.
Type  H <return>  for immediate help.
 ...                                              
                                                  
l.552 ...coh}}$} & $k/2$ (Gamma-exponential) & ‚úì
                                                   \textbf{RIGOROUS} & 0\% \\
You may provide a definition with
\DeclareUnicodeCharacter 


! LaTeX Error: Unicode character ‚óã (U+25CB)
               not set up for use with LaTeX.

See the LaTeX manual or LaTeX Companion for explanation.
Type  H <return>  for immediate help.
 ...                                              
                                                  
l.553 ...$} & $1/\sqrt{e}$ (Gaussian phases) & ‚óã
                                                   Numeric & 2.6\% \\
You may provide a definition with
\DeclareUnicodeCharacter 


! LaTeX Error: Unicode character ‚ñ≥ (U+25B3)
               not set up for use with LaTeX.

See the LaTeX manual or LaTeX Companion for explanation.
Type  H <return>  for immediate help.
 ...                                              
                                                  
l.554 ...er \sim cH_0$} & Timescale matching & ‚ñ≥
                                                   Motivated & ‚Äî \\
You may provide a definition with
\DeclareUnicodeCharacter 


! LaTeX Error: Unicode character ‚ñ≥ (U+25B3)
               not set up for use with LaTeX.

See the LaTeX manual or LaTeX Companion for explanation.
Type  H <return>  for immediate help.
 ...                                              
                                                  
l.555 ...ctor 2e} & Polarization + coherence & ‚ñ≥
                                                   Motivated & ~4\% \\
You may provide a definition with
\DeclareUnicodeCharacter 


! LaTeX Error: Unicode character ‚ñ≥ (U+25B3)
               not set up for use with LaTeX.

See the LaTeX manual or LaTeX Companion for explanation.
Type  H <return>  for immediate help.
 ...                                              
                                                  
l.556 ...f{$A = \sqrt{3}$} & 3 torsion modes & ‚ñ≥
                                                   Motivated & ‚Äî \\
You may provide a definition with
\DeclareUnicodeCharacter 


! LaTeX Error: Unicode character ‚ñ≥ (U+25B3)
               not set up for use with LaTeX.

See the LaTeX manual or LaTeX Companion for explanation.
Type  H <return>  for immediate help.
 ...                                              
                                                  
l.557 ... \pi\sqrt{2}$} & Spherical geometry & ‚ñ≥
                                                   Motivated & 1.2\% \\
You may provide a definition with
\DeclareUnicodeCharacter 


! LaTeX Error: Unicode character ‚úó (U+2717)
               not set up for use with LaTeX.

See the LaTeX manual or LaTeX Companion for explanation.
Type  H <return>  for immediate help.
 ...                                              
                                                  
l.558 ...$\xi = (2/3)R_d$} & Coherence scale & ‚úó
                                                   Phenomenological & ~40\% \\
You may provide a definition with
\DeclareUnicodeCharacter 


! LaTeX Error: Unicode character ‚úì (U+2713)
               not set up for use with LaTeX.

See the LaTeX manual or LaTeX Companion for explanation.
Type  H <return>  for immediate help.
 ...                                              
                                                  
l.567 \item ‚úì
                \textbf{RIGOROUS}: Mathematical theorem, independently verif...

You may provide a definition with
\DeclareUnicodeCharacter 


! LaTeX Error: Unicode character ‚óã (U+25CB)
               not set up for use with LaTeX.

See the LaTeX manual or LaTeX Companion for explanation.
Type  H <return>  for immediate help.
 ...                                              
                                                  
l.568 \item ‚óã
                \textbf{NUMERIC}: Well-defined calculation with stated assum...

You may provide a definition with
\DeclareUnicodeCharacter 


! LaTeX Error: Unicode character ‚ñ≥ (U+25B3)
               not set up for use with LaTeX.

See the LaTeX manual or LaTeX Companion for explanation.
Type  H <return>  for immediate help.
 ...                                              
                                                  
l.569 \item ‚ñ≥
                \textbf{MOTIVATED}: Plausible physical story, not unique der...

You may provide a definition with
\DeclareUnicodeCharacter 

[7]

! LaTeX Error: Unicode character ‚úó (U+2717)
               not set up for use with LaTeX.

See the LaTeX manual or LaTeX Companion for explanation.
Type  H <return>  for immediate help.
 ...                                              
                                                  
l.570 \item ‚úó
                \textbf{EMPIRICAL}: Fits data but no valid first-principles ...

You may provide a definition with
\DeclareUnicodeCharacter 

<../figures/h_function_comparison.png, id=229, 712.3413pt x 279.9258pt>
File: ../figures/h_function_comparison.png Graphic file (type png)
<use ../figures/h_function_comparison.png>
Package pdftex.def Info: ../figures/h_function_comparison.png  used on input li
ne 603.
(pdftex.def)             Requested size: 386.95897pt x 152.06319pt.
<../figures/solar_system_safety.png, id=230, 931.3194pt x 338.9463pt>
File: ../figures/solar_system_safety.png Graphic file (type png)
<use ../figures/solar_system_safety.png>
Package pdftex.def Info: ../figures/solar_system_safety.png  used on input line
 641.
(pdftex.def)             Requested size: 386.95897pt x 140.83076pt.
[8 <../figures/h_function_comparison.png>]

! LaTeX Error: Unicode character ‚Åª (U+207B)
               not set up for use with LaTeX.

See the LaTeX manual or LaTeX Companion for explanation.
Type  H <return>  for immediate help.
 ...                                              
                                                  
l.646 ...Åª¬π‚Å¥, far below observational bounds.}
                                                  
You may provide a definition with
\DeclareUnicodeCharacter 


! LaTeX Error: Unicode character ‚Å¥ (U+2074)
               not set up for use with LaTeX.

See the LaTeX manual or LaTeX Companion for explanation.
Type  H <return>  for immediate help.
 ...                                              
                                                  
l.646 ...Åª¬π‚Å¥, far below observational bounds.}
                                                  
You may provide a definition with
\DeclareUnicodeCharacter 


! LaTeX Error: Unicode character Œº (U+03BC)
               not set up for use with LaTeX.

See the LaTeX manual or LaTeX Companion for explanation.
Type  H <return>  for immediate help.
 ...                                              
                                                  
l.658 ...th high-quality rotation curves and 3.6Œº
                                                  m photometry.
You may provide a definition with
\DeclareUnicodeCharacter 


! LaTeX Error: Unicode character ‚òâ (U+2609)
               not set up for use with LaTeX.

See the LaTeX manual or LaTeX Companion for explanation.
Type  H <return>  for immediate help.
 ...                                              
                                                  
l.664 ...-to-light ratio:} We adopt M/L = 0.5 M‚òâ
                                                  /L‚òâ at 3.6Œºm, the unive...

You may provide a definition with
\DeclareUnicodeCharacter 


! LaTeX Error: Unicode character ‚òâ (U+2609)
               not set up for use with LaTeX.

See the LaTeX manual or LaTeX Companion for explanation.
Type  H <return>  for immediate help.
 ...                                              
                                                  
l.664 ...ight ratio:} We adopt M/L = 0.5 M‚òâ/L‚òâ
                                                   at 3.6Œºm, the universal ...

You may provide a definition with
\DeclareUnicodeCharacter 


! LaTeX Error: Unicode character Œº (U+03BC)
               not set up for use with LaTeX.

See the LaTeX manual or LaTeX Companion for explanation.
Type  H <return>  for immediate help.
 ...                                              
                                                  
l.664 ...o:} We adopt M/L = 0.5 M‚òâ/L‚òâ at 3.6Œº
                                                  m, the universal value rec...

You may provide a definition with
\DeclareUnicodeCharacter 


! LaTeX Error: Unicode character ‚ÇÅ (U+2081)
               not set up for use with LaTeX.

See the LaTeX manual or LaTeX Companion for explanation.
Type  H <return>  for immediate help.
 ...                                              
                                                  
l.666 ... scatter is computed as the RMS of log‚ÇÅ
                                                  ‚ÇÄ(g\_obs/g\_pred) across...

You may provide a definition with
\DeclareUnicodeCharacter 


! LaTeX Error: Unicode character ‚ÇÄ (U+2080)
               not set up for use with LaTeX.

See the LaTeX manual or LaTeX Companion for explanation.
Type  H <return>  for immediate help.
 ...                                              
                                                  
l.666 ...atter is computed as the RMS of log‚ÇÅ‚ÇÄ
                                                  (g\_obs/g\_pred) across al...

You may provide a definition with
\DeclareUnicodeCharacter 


! LaTeX Error: Unicode character ‚àö (U+221A)
               not set up for use with LaTeX.

See the LaTeX manual or LaTeX Companion for explanation.
Type  H <return>  for immediate help.
 ...                                              
                                                  
l.667 ...rs":} The Œ£-Gravity formula uses A = ‚àö
                                                  3 and g‚Ä† = cH‚ÇÄ/(2e) de...

You may provide a definition with
\DeclareUnicodeCharacter 


! LaTeX Error: Unicode character ‚ÇÄ (U+2080)
               not set up for use with LaTeX.

See the LaTeX manual or LaTeX Companion for explanation.
Type  H <return>  for immediate help.
 ...                                              
                                                  
l.667 ...ty formula uses A = ‚àö3 and g‚Ä† = cH‚ÇÄ
                                                  /(2e) derived from theory....

You may provide a definition with
\DeclareUnicodeCharacter 

<../figures/rar_derived_formula.png, id=239, 424.4658pt x 352.4367pt>
File: ../figures/rar_derived_formula.png Graphic file (type png)
<use ../figures/rar_derived_formula.png>
Package pdftex.def Info: ../figures/rar_derived_formula.png  used on input line
 693.
(pdftex.def)             Requested size: 386.95897pt x 321.31483pt.

LaTeX Warning: `h' float specifier changed to `ht'.


! LaTeX Error: Unicode character ‚àö (U+221A)
               not set up for use with LaTeX.

See the LaTeX manual or LaTeX Companion for explanation.
Type  H <return>  for immediate help.
 ...                                              
                                                  
l.698 ...diction with A = ‚àö3. Red dashed: MOND.}
                                                  
You may provide a definition with
\DeclareUnicodeCharacter 

<../figures/rc_gallery_derived.png, id=240, 860.2539pt x 593.8185pt>
File: ../figures/rc_gallery_derived.png Graphic file (type png)
<use ../figures/rc_gallery_derived.png>
Package pdftex.def Info: ../figures/rc_gallery_derived.png  used on input line 
703.
(pdftex.def)             Requested size: 386.95897pt x 267.10712pt.

LaTeX Warning: `h' float specifier changed to `ht'.


! LaTeX Error: Unicode character Œò (U+0398)
               not set up for use with LaTeX.

See the LaTeX manual or LaTeX Companion for explanation.
Type  H <return>  for immediate help.
 ...                                              
                                                  
l.715 ...data (HI terminal velocities + GRAVITY Œò
                                                  ‚ÇÄ = 233.3 km/s at R‚ÇÄ =...

You may provide a definition with
\DeclareUnicodeCharacter 


! LaTeX Error: Unicode character ‚ÇÄ (U+2080)
               not set up for use with LaTeX.

See the LaTeX manual or LaTeX Companion for explanation.
Type  H <return>  for immediate help.
 ...                                              
                                                  
l.715 ...a (HI terminal velocities + GRAVITY Œò‚ÇÄ
                                                   = 233.3 km/s at R‚ÇÄ = 8 ...

You may provide a definition with
\DeclareUnicodeCharacter 


! LaTeX Error: Unicode character ‚ÇÄ (U+2080)
               not set up for use with LaTeX.

See the LaTeX manual or LaTeX Companion for explanation.
Type  H <return>  for immediate help.
 ...                                              
                                                  
l.715 ...ties + GRAVITY Œò‚ÇÄ = 233.3 km/s at R‚ÇÄ
                                                   = 8 kpc). We adopt McGaug...

You may provide a definition with
\DeclareUnicodeCharacter 

! Display math should end with $$.
<to be read again> 
                   \times 
l.715 ...opt McGaugh's baryonic model (M* = 6.16√ó
                                                  10¬π‚Å∞ M‚òâ, giving V_bar...
The `$' that I just saw supposedly matches a previous `$$'.
So I shall assume that you typed `$$' both times.


Overfull \hbox (505.44002pt too wide) detected at line 715
\OML/cmm/m/it/10.95 WetestthederivedformulaagainsttheMilkyWayrotationcurveusing
McGaugh=GRAVITYdata\OT1/cmr/m/n/10.95 (\OML/cmm/m/it/10.95 HIterminalvelocities
 \OT1/cmr/m/n/10.95 + \OML/cmm/m/it/10.95 GRAVITY \OT1/cmr/m/n/10.95 = 233\OML/
cmm/m/it/10.95 :\OT1/cmr/m/n/10.95 3\OML/cmm/m/it/10.95 km=satR \OT1/cmr/m/n/10
.95 = 8\OML/cmm/m/it/10.95 kpc\OT1/cmr/m/n/10.95 )\OML/cmm/m/it/10.95 :WeadoptM
cGaugh[]sbaryonicmodel\OT1/cmr/m/n/10.95 (\OML/cmm/m/it/10.95 M\OMS/cmsy/m/n/10
.95 ^^C \OT1/cmr/m/n/10.95 = 6\OML/cmm/m/it/10.95 :\OT1/cmr/m/n/10.95 16
 []

[9 <../figures/solar_system_safety.png>]
! Missing $ inserted.
<inserted text> 
                $
l.715 ...opt McGaugh's baryonic model (M* = 6.16√ó
                                                  10¬π‚Å∞ M‚òâ, giving V_bar...
I've inserted a begin-math/end-math symbol since I think
you left one out. Proceed, with fingers crossed.


! LaTeX Error: Unicode character ‚Å∞ (U+2070)
               not set up for use with LaTeX.

See the LaTeX manual or LaTeX Companion for explanation.
Type  H <return>  for immediate help.
 ...                                              
                                                  
l.715 ...augh's baryonic model (M* = 6.16√ó10¬π‚Å∞
                                                   M‚òâ, giving V_bar ‚âà 19...

You may provide a definition with
\DeclareUnicodeCharacter 


! LaTeX Error: Unicode character ‚òâ (U+2609)
               not set up for use with LaTeX.

See the LaTeX manual or LaTeX Companion for explanation.
Type  H <return>  for immediate help.
 ...                                              
                                                  
l.715 ...s baryonic model (M* = 6.16√ó10¬π‚Å∞ M‚òâ
                                                  , giving V_bar ‚âà 190 km/...

You may provide a definition with
\DeclareUnicodeCharacter 

! Missing $ inserted.
<inserted text> 
                $
l.715 ...model (M* = 6.16√ó10¬π‚Å∞ M‚òâ, giving V_
                                                  bar ‚âà 190 km/s at R=8 kpc).
I've inserted a begin-math/end-math symbol since I think
you left one out. Proceed, with fingers crossed.

! Missing $ inserted.
<inserted text> 
                $
l.715 ...M* = 6.16√ó10¬π‚Å∞ M‚òâ, giving V_bar ‚âà
                                                   190 km/s at R=8 kpc).
I've inserted a begin-math/end-math symbol since I think
you left one out. Proceed, with fingers crossed.


! LaTeX Error: Bad math environment delimiter.

See the LaTeX manual or LaTeX Companion for explanation.
Type  H <return>  for immediate help.
 ...                                              
                                                  
l.716 \]
        
Your command was ignored.
Type  I <command> <return>  to replace it with another command,
or  <return>  to continue without it.

! Missing $ inserted.
<inserted text> 
                $
l.716 \]
        
I've inserted something that you may have forgotten.
(See the <inserted text> above.)
With luck, this will get me unwedged. But if you
really didn't forget anything, try typing `2' now; then
my insertion and my current dilemma will both disappear.

! Display math should end with $$.
<to be read again> 
                   \endgroup 
l.716 \]
        
The `$' that I just saw supposedly matches a previous `$$'.
So I shall assume that you typed `$$' both times.


! LaTeX Error: Unicode character Œî (U+0394)
               not set up for use with LaTeX.

See the LaTeX manual or LaTeX Companion for explanation.
Type  H <return>  for immediate help.
 ...                                              
                                                  
l.726 Model & RMS vs McGaugh & V(8 kpc) & Œî
                                             at solar circle \\
You may provide a definition with
\DeclareUnicodeCharacter 


! LaTeX Error: Unicode character Œî (U+0394)
               not set up for use with LaTeX.

See the LaTeX manual or LaTeX Companion for explanation.
Type  H <return>  for immediate help.
 ...                                              
                                                  
l.737 ... km/s. Œ£-Gravity predicts 227.6 km/s (Œî
                                                   = ‚àí5.7 km/s). All modif...

You may provide a definition with
\DeclareUnicodeCharacter 

<../figures/mw_comprehensive_comparison.png, id=248, 1003.1076pt x 422.2977pt>
File: ../figures/mw_comprehensive_comparison.png Graphic file (type png)
<use ../figures/mw_comprehensive_comparison.png>
Package pdftex.def Info: ../figures/mw_comprehensive_comparison.png  used on in
put line 745.
(pdftex.def)             Requested size: 386.95897pt x 162.90407pt.

LaTeX Warning: `h' float specifier changed to `ht'.


! LaTeX Error: Unicode character ‚àö (U+221A)
               not set up for use with LaTeX.

See the LaTeX manual or LaTeX Companion for explanation.
Type  H <return>  for immediate help.
 ...                                              
                                                  
l.750 ...‚Ä†=cH‚ÇÄ/2e). Baryonic model: McGaugh M}
                                                   = 6.16√ó10¬π‚Å∞ M‚òâ.*
You may provide a definition with
\DeclareUnicodeCharacter 


! LaTeX Error: Unicode character ‚ÇÄ (U+2080)
               not set up for use with LaTeX.

See the LaTeX manual or LaTeX Companion for explanation.
Type  H <return>  for immediate help.
 ...                                              
                                                  
l.750 ...‚Ä†=cH‚ÇÄ/2e). Baryonic model: McGaugh M}
                                                   = 6.16√ó10¬π‚Å∞ M‚òâ.*
You may provide a definition with
\DeclareUnicodeCharacter 


! LaTeX Error: Unicode character ‚Å∞ (U+2070)
               not set up for use with LaTeX.

See the LaTeX manual or LaTeX Companion for explanation.
Type  H <return>  for immediate help.
 ...                                              
                                                  
l.750 ...aryonic model: McGaugh M} = 6.16√ó10¬π‚Å∞
                                                   M‚òâ.*
You may provide a definition with
\DeclareUnicodeCharacter 


! LaTeX Error: Unicode character ‚òâ (U+2609)
               not set up for use with LaTeX.

See the LaTeX manual or LaTeX Companion for explanation.
Type  H <return>  for immediate help.
 ...                                              
                                                  
l.750 ...ic model: McGaugh M} = 6.16√ó10¬π‚Å∞ M‚òâ
                                                  .*
You may provide a definition with
\DeclareUnicodeCharacter 

[10 <../figures/rar_derived_formula.png>]
! Display math should end with $$.
<to be read again> 
                   \Sigma 
l.760 We test Œ£
                -Gravity on 42 strong lensing clusters from Fox+ (2022, ApJ ...
The `$' that I just saw supposedly matches a previous `$$'.
So I shall assume that you typed `$$' both times.

! Missing $ inserted.
<inserted text> 
                $
l.760 We test Œ£
                -Gravity on 42 strong lensing clusters from Fox+ (2022, ApJ ...
I've inserted a begin-math/end-math symbol since I think
you left one out. Proceed, with fingers crossed.


! LaTeX Error: Unicode character ‚Å¥ (U+2074)
               not set up for use with LaTeX.

See the LaTeX manual or LaTeX Companion for explanation.
Type  H <return>  for immediate help.
 ...                                              
                                                  
l.760 ...troscopic redshifts and M500 > 2√ó10¬π‚Å¥
                                                   M‚òâ. For each cluster, w...

You may provide a definition with
\DeclareUnicodeCharacter 


! LaTeX Error: Unicode character ‚òâ (U+2609)
               not set up for use with LaTeX.

See the LaTeX manual or LaTeX Companion for explanation.
Type  H <return>  for immediate help.
 ...                                              
                                                  
l.760 ...opic redshifts and M500 > 2√ó10¬π‚Å¥ M‚òâ
                                                  . For each cluster, we est...

You may provide a definition with
\DeclareUnicodeCharacter 

! Missing $ inserted.
<inserted text> 
                $
l.760 ...nic mass from the SZ/X-ray M500 (using f_
                                                  baryon = 0.15), compute th...
I've inserted a begin-math/end-math symbol since I think
you left one out. Proceed, with fingers crossed.

! Missing $ inserted.
<inserted text> 
                $
l.760 ...0 (using f_baryon = 0.15), compute the Œ£
                                                  -enhancement at r = 200 kp...
I've inserted a begin-math/end-math symbol since I think
you left one out. Proceed, with fingers crossed.


! LaTeX Error: Bad math environment delimiter.

See the LaTeX manual or LaTeX Companion for explanation.
Type  H <return>  for immediate help.
 ...                                              
                                                  
l.761 \]
        
Your command was ignored.
Type  I <command> <return>  to replace it with another command,
or  <return>  to continue without it.

! Missing $ inserted.
<inserted text> 
                $
l.761 \]
        
I've inserted something that you may have forgotten.
(See the <inserted text> above.)
With luck, this will get me unwedged. But if you
really didn't forget anything, try typing `2' now; then
my insertion and my current dilemma will both disappear.

! Display math should end with $$.
<to be read again> 
                   \endgroup 
l.761 \]
        
The `$' that I just saw supposedly matches a previous `$$'.
So I shall assume that you typed `$$' both times.


LaTeX Warning: `h' float specifier changed to `ht'.

! Display math should end with $$.
<to be read again> 
                   \approx 
l.782 ...BCG stellar mass) yields median ratio ‚âà
                                                   0.96. The 0.14 dex scatte...
The `$' that I just saw supposedly matches a previous `$$'.
So I shall assume that you typed `$$' both times.


Overfull \hbox (347.98938pt too wide) detected at line 782
\OML/cmm/m/it/10.95 Themedianratioof\OT1/cmr/m/n/10.95 0\OML/cmm/m/it/10.95 :\O
T1/cmr/m/n/10.95 79\OML/cmm/m/it/10.95 indicatesslightunderprediction; consiste
ntwithconservativef[]aryon \OT1/cmr/m/n/10.95 = 0\OML/cmm/m/it/10.95 :\OT1/cmr/
m/n/10.95 15\OML/cmm/m/it/10.95 :Usingf[]aryon \OT1/cmr/m/n/10.95 = 0\OML/cmm/m
/it/10.95 :\OT1/cmr/m/n/10.95 25(\OML/cmm/m/it/10.95 accountingforBCGstellarmas
s\OT1/cmr/m/n/10.95 )\OML/cmm/m/it/10.95 yieldsmedianratio
 []

! Missing $ inserted.
<inserted text> 
                $
l.782 ...BCG stellar mass) yields median ratio ‚âà
                                                   0.96. The 0.14 dex scatte...
I've inserted a begin-math/end-math symbol since I think
you left one out. Proceed, with fingers crossed.


! LaTeX Error: Bad math environment delimiter.

See the LaTeX manual or LaTeX Companion for explanation.
Type  H <return>  for immediate help.
 ...                                              
                                                  
l.783 \]
        
Your command was ignored.
Type  I <command> <return>  to replace it with another command,
or  <return>  to continue without it.

! Missing $ inserted.
<inserted text> 
                $
l.783 \]
        
I've inserted something that you may have forgotten.
(See the <inserted text> above.)
With luck, this will get me unwedged. But if you
really didn't forget anything, try typing `2' now; then
my insertion and my current dilemma will both disappear.

! Display math should end with $$.
<to be read again> 
                   \endgroup 
l.783 \]
        
The `$' that I just saw supposedly matches a previous `$$'.
So I shall assume that you typed `$$' both times.

[11 <../figures/rc_gallery_derived.png> <../figures/mw_comprehensive_comparison
.png>]
<../figures/cluster_fox2022_validation.png, id=263, 1084.05pt x 361.35pt>
File: ../figures/cluster_fox2022_validation.png Graphic file (type png)
<use ../figures/cluster_fox2022_validation.png>
Package pdftex.def Info: ../figures/cluster_fox2022_validation.png  used on inp
ut line 788.
(pdftex.def)             Requested size: 386.95897pt x 128.98314pt.


! LaTeX Error: Unicode character ‚àö (U+221A)
               not set up for use with LaTeX.

See the LaTeX manual or LaTeX Companion for explanation.
Type  H <return>  for immediate help.
 ...                                              
                                                  
l.808 Disk galaxies (171) & Œ£ = 1 + A¬∑W¬∑h & ‚àö
                                                  3 & 0.100 dex RAR scatter \\
You may provide a definition with
\DeclareUnicodeCharacter 


! LaTeX Error: Unicode character ‚àö (U+221A)
               not set up for use with LaTeX.

See the LaTeX manual or LaTeX Companion for explanation.
Type  H <return>  for immediate help.
 ...                                              
                                                  
l.809 Milky Way & same & ‚àö
                            3 & RMS = 5.7 km/s (cf. MOND 2.1) \\
You may provide a definition with
\DeclareUnicodeCharacter 


! LaTeX Error: Unicode character œÄ (U+03C0)
               not set up for use with LaTeX.

See the LaTeX manual or LaTeX Companion for explanation.
Type  H <return>  for immediate help.
 ...                                              
                                                  
l.810 Galaxy clusters (42) & same & œÄ
                                      ‚àö2 & 0.14 dex scatter, median ratio ...

You may provide a definition with
\DeclareUnicodeCharacter 


! LaTeX Error: Unicode character ‚àö (U+221A)
               not set up for use with LaTeX.

See the LaTeX manual or LaTeX Companion for explanation.
Type  H <return>  for immediate help.
 ...                                              
                                                  
l.810 Galaxy clusters (42) & same & œÄ‚àö
                                         2 & 0.14 dex scatter, median ratio ...

You may provide a definition with
\DeclareUnicodeCharacter 

<../figures/amplitude_comparison.png, id=264, 426.8748pt x 354.6048pt>
File: ../figures/amplitude_comparison.png Graphic file (type png)
<use ../figures/amplitude_comparison.png>
Package pdftex.def Info: ../figures/amplitude_comparison.png  used on input lin
e 821.
(pdftex.def)             Requested size: 386.95897pt x 321.468pt.

LaTeX Warning: `h' float specifier changed to `ht'.


! LaTeX Error: Unicode character ‚àö (U+221A)
               not set up for use with LaTeX.

See the LaTeX manual or LaTeX Companion for explanation.
Type  H <return>  for immediate help.
 ...                                              
                                                  
l.826 ...e œÄ‚àö2 emerge from coherence geometry.}
                                                  
You may provide a definition with
\DeclareUnicodeCharacter 


! LaTeX Error: Unicode character œÄ (U+03C0)
               not set up for use with LaTeX.

See the LaTeX manual or LaTeX Companion for explanation.
Type  H <return>  for immediate help.
 ...                                              
                                                  
l.826 ...e œÄ‚àö2 emerge from coherence geometry.}
                                                  
You may provide a definition with
\DeclareUnicodeCharacter 


! LaTeX Error: Unicode character ‚àö (U+221A)
               not set up for use with LaTeX.

See the LaTeX manual or LaTeX Companion for explanation.
Type  H <return>  for immediate help.
 ...                                              
                                                  
l.826 ...e œÄ‚àö2 emerge from coherence geometry.}
                                                  
You may provide a definition with
\DeclareUnicodeCharacter 


! LaTeX Error: Unicode character Œõ (U+039B)
               not set up for use with LaTeX.

See the LaTeX manual or LaTeX Companion for explanation.
Type  H <return>  for immediate help.
 ...                                              
                                                  
l.841 ...uired (vs 2-3 parameters per galaxy in Œõ
                                                  CDM)
You may provide a definition with
\DeclareUnicodeCharacter 

[12 <../figures/cluster_fox2022_validation.png>]

! LaTeX Error: Unicode character ‚ÇÄ (U+2080)
               not set up for use with LaTeX.

See the LaTeX manual or LaTeX Companion for explanation.
Type  H <return>  for immediate help.
 ...                                              
                                                  
l.854 \item Critical acceleration g‚Ä† = cH‚ÇÄ
                                              /(2e) derived, not fitted
You may provide a definition with
\DeclareUnicodeCharacter 

[13 <../figures/amplitude_comparison.png>]

! LaTeX Error: Unicode character ŒΩ (U+03BD)
               not set up for use with LaTeX.

See the LaTeX manual or LaTeX Companion for explanation.
Type  H <return>  for immediate help.
 ...                                              
                                                  
l.950 ...ld produce systematically different Œ£/ŒΩ
                                                   ratios.
You may provide a definition with
\DeclareUnicodeCharacter 

[14]
! You can't use `macro parameter character #' in display math mode.
l.1004 H0_SI = 2.27e-18     #
                              s‚Åª¬π (70 km/s/Mpc)
Sorry, but I'm not programmed to handle this case;
I'll just pretend that you didn't ask for it.
If you're in the wrong mode, you might be able to
return to the right one by typing `I}' or `I$' or `I\par'.


! LaTeX Error: Unicode character ‚Åª (U+207B)
               not set up for use with LaTeX.

See the LaTeX manual or LaTeX Companion for explanation.
Type  H <return>  for immediate help.
 ...                                              
                                                  
l.1004 H0_SI = 2.27e-18     # s‚Åª
                                  ¬π (70 km/s/Mpc)
You may provide a definition with
\DeclareUnicodeCharacter 


LaTeX Warning: Command \textonesuperior invalid in math mode on input line 1004
.


LaTeX Warning: Command \textonesuperior invalid in math mode on input line 1004
.

Missing character: There is no π in font cmr10!
! You can't use `macro parameter character #' in display math mode.
l.1008 g_dagger = c * H0_SI / (2 * np.e)  #
                                            Critical acceleration
Sorry, but I'm not programmed to handle this case;
I'll just pretend that you didn't ask for it.
If you're in the wrong mode, you might be able to
return to the right one by typing `I}' or `I$' or `I\par'.

[15]

! LaTeX Error: Unicode character ‚àö (U+221A)
               not set up for use with LaTeX.

See the LaTeX manual or LaTeX Companion for explanation.
Type  H <return>  for immediate help.
 ...                                              
                                                  
l.1108 ...tbf{Figure 7:} Amplitude comparison: ‚àö
                                                  3 (galaxies) vs œÄ‚àö2 (cl...

You may provide a definition with
\DeclareUnicodeCharacter 


! LaTeX Error: Unicode character œÄ (U+03C0)
               not set up for use with LaTeX.

See the LaTeX manual or LaTeX Companion for explanation.
Type  H <return>  for immediate help.
 ...                                              
                                                  
l.1108 ...litude comparison: ‚àö3 (galaxies) vs œÄ
                                                  ‚àö2 (clusters) from coher...

You may provide a definition with
\DeclareUnicodeCharacter 


! LaTeX Error: Unicode character ‚àö (U+221A)
               not set up for use with LaTeX.

See the LaTeX manual or LaTeX Companion for explanation.
Type  H <return>  for immediate help.
 ...                                              
                                                  
l.1108 ...ude comparison: ‚àö3 (galaxies) vs œÄ‚àö
                                                  2 (clusters) from coherenc...

You may provide a definition with
\DeclareUnicodeCharacter 

[16] (sigmagravity_paper.aux)
 ***********
LaTeX2e <2023-11-01> patch level 1
L3 programming layer <2024-01-04>
 ***********
Package rerunfilecheck Info: File `sigmagravity_paper.out' has not changed.
(rerunfilecheck)             Checksum: 0A550E5FCFCBD54A92F6248CBC2DA7FE;6489.
 ) 
Here is how much of TeX's memory you used:
 11311 strings out of 474486
 171477 string characters out of 5753569
 1939542 words of memory out of 5000000
 33336 multiletter control sequences out of 15000+600000
 580863 words of font info for 96 fonts, out of 8000000 for 9000
 1141 hyphenation exceptions out of 8191
 75i,13n,79p,2003b,510s stack positions out of 10000i,1000n,20000p,200000b,200000s
 <C:\Users\henry\AppData\Local\MiKTeX\fonts/pk/ljfour/jknappen/ec/dpi600\tcti
1095.pk> <C:\Users\henry\AppData\Local\MiKTeX\fonts/pk/ljfour/jknappen/ec/dpi60
0\ecbx0800.pk> <C:\Users\henry\AppData\Local\MiKTeX\fonts/pk/ljfour/jknappen/ec
/dpi600\ecti1095.pk> <C:\Users\henry\AppData\Local\MiKTeX\fonts/pk/ljfour/jknap
pen/ec/dpi600\ecrm0800.pk> <C:\Users\henry\AppData\Local\MiKTeX\fonts/pk/ljfour
/jknappen/ec/dpi600\tcbx1095.pk> <C:\Users\henry\AppData\Local\MiKTeX\fonts/pk/
ljfour/jknappen/ec/dpi600\tcrm1095.pk> <C:\Users\henry\AppData\Local\MiKTeX\fon
ts/pk/ljfour/jknappen/ec/dpi600\ecbx1200.pk> <C:\Users\henry\AppData\Local\MiKT
eX\fonts/pk/ljfour/jknappen/ec/dpi600\ecbx1440.pk> <C:\Users\henry\AppData\Loca
l\MiKTeX\fonts/pk/ljfour/jknappen/ec/dpi600\tcrm1000.pk> <C:\Users\henry\AppDat
a\Local\MiKTeX\fonts/pk/ljfour/jknappen/ec/dpi600\ecrm1000.pk> <C:\Users\henry\
AppData\Local\MiKTeX\fonts/pk/ljfour/jknappen/ec/dpi600\ecbx1000.pk> <C:\Users\
henry\AppData\Local\MiKTeX\fonts/pk/ljfour/jknappen/ec/dpi600\ecrm1095.pk> <C:\
Users\henry\AppData\Local\MiKTeX\fonts/pk/ljfour/jknappen/ec/dpi600\ecbx1095.pk
> <C:\Users\henry\AppData\Local\MiKTeX\fonts/pk/ljfour/jknappen/ec/dpi600\ecrm1
200.pk> <C:\Users\henry\AppData\Local\MiKTeX\fonts/pk/ljfour/jknappen/ec/dpi600
\ecrm1728.pk><C:/Program Files/MiKTeX/fonts/type1/public/amsfonts/cm/cmbx10.pfb
><C:/Program Files/MiKTeX/fonts/type1/public/amsfonts/cm/cmex10.pfb><C:/Program
 Files/MiKTeX/fonts/type1/public/amsfonts/cm/cmmi10.pfb><C:/Program Files/MiKTe
X/fonts/type1/public/amsfonts/cm/cmmi8.pfb><C:/Program Files/MiKTeX/fonts/type1
/public/amsfonts/cm/cmr10.pfb><C:/Program Files/MiKTeX/fonts/type1/public/amsfo
nts/cm/cmr12.pfb><C:/Program Files/MiKTeX/fonts/type1/public/amsfonts/cm/cmr17.
pfb><C:/Program Files/MiKTeX/fonts/type1/public/amsfonts/cm/cmr8.pfb><C:/Progra
m Files/MiKTeX/fonts/type1/public/amsfonts/cm/cmsy10.pfb><C:/Program Files/MiKT
eX/fonts/type1/public/amsfonts/cm/cmsy8.pfb><C:/Program Files/MiKTeX/fonts/type
1/public/amsfonts/symbols/msbm10.pfb>
Output written on sigmagravity_paper.pdf (16 pages, 2103345 bytes).
PDF statistics:
 906 PDF objects out of 1000 (max. 8388607)
 97 named destinations out of 1000 (max. 500000)
 305 words of extra memory for PDF output out of 10000 (max. 10000000)

