This is pdfTeX, Version 3.141592653-2.6-1.40.27 (TeX Live 2025) (preloaded format=pdflatex 2025.3.8)  10 DEC 2025 09:18
entering extended mode
 restricted \write18 enabled.
 %&-line parsing enabled.
**sigmagravity_revtex_preprint.tex
(./sigmagravity_revtex_preprint.tex
LaTeX2e <2024-11-01> patch level 2
L3 programming layer <2025-01-18>
(/usr/local/texlive/2025basic/texmf-dist/tex/latex/revtex/revtex4-2.cls
Document Class: revtex4-2 2022/06/05 4.2f (https://journals.aps.org/revtex/ for
 documentation)
 Copyright (c) 2019 American Physical Society.
 mailto:revtex@aps.org
 Licensed under the LPPL:
http://www.ctan.org/tex-archive/macros/latex/base/lppl.txt
 Arthur Ogawa <arthur_ogawa at sbcglobal dot net>
 Based on work by David Carlisle <david at dcarlisle.demon.co.uk>
 Version (4.2d--4.2f): Modified by Mark Doyle and Phelype Oleinik
 .
ltxutil[2022/06/05 4.2f utilities package (portions licensed from W. E. Baxter 
web at superscript.com)]
LaTeX Info: Redefining \@centercr on input line 356.
Class revtex4-2 Info: Repairing broken LaTeX eqnarray on input line 417.
\eqncolsep=\skip49
Class revtex4-2 Info: Repairing hyperref-unfriendly LaTeX definition of \mpfoot
note on input line 492.
Class revtex4-2 Info: Repairing broken LateX \@sect on input line 814.
\intertabularlinepenalty=\count196
\@tbpen=\count197
\@arstrutbox@hline=\box52
Class revtex4-2 Info: Repairing broken LaTeX \@xbitor on input line 1845.
Class revtex4-2 Info: Making \typeout \long on input line 2110.
ltxfront[2022/06/05 4.2f frontmatter package (AO,DPC,MD)]
\c@affil=\count198
\c@collab=\count199
\absbox=\box53
ltxgrid[2022/06/05 4.2f page grid package (portions licensed from W. E. Baxter 
web at superscript.com)]
\c@linecount=\count266
\output@latex=\toks17
\box@size@1=\box54
\box@size@2=\box55
\@protection@box=\box56
\@topmark@saved=\toks18
\footins@saved=\box57
\footins@recovered=\box58
\column@recovered=\box59
\pagesofar=\box60
\footsofar=\box61
\pagegrid@col=\count267
Class revtex4-2 Info: Overriding \@vspace, \@vspacer, \@no@pgbk, \@newline, and
 \\  on input line 5676.
\c@part=\count268
\c@section=\count269
\c@subsection=\count270
\c@subsubsection=\count271
\c@paragraph=\count272
\c@subparagraph=\count273
\abovecaptionskip=\skip50
\belowcaptionskip=\skip51
\c@figure=\count274
\fbox@1=\box62
\c@table=\count275
\fbox@2=\box63
\c@video=\count276
\fbox@4=\box64
\@bibdataout=\write3
\widetext@top=\box65
\widetext@bot=\box66
Class revtex4-2 Info: Selecting society aps on input line 7669.
(/usr/local/texlive/2025basic/texmf-dist/tex/latex/revtex/aps4-2.rtx
File: aps4-2 2022/06/05 4.2f (https://journals.aps.org/revtex/ for documentatio
n)
Class revtex4-2 Info: RevTeX society APS selected on input line 40.
)
Class revtex4-2 Info: Selecting journal prd on input line 7671.
Class revtex4-2 Info: APS journal PRD selected on input line 7672.

(/usr/local/texlive/2025basic/texmf-dist/tex/latex/revtex/aps12pt4-2.rtx
File: aps12pt4-2 2022/06/05 4.2f (https://journals.aps.org/revtex/ for document
ation)
Class revtex4-2 Info: RevTeX pointsize 12pt selected on input line 39.
)
(/usr/local/texlive/2025basic/texmf-dist/tex/latex/textcase/textcase.sty
Package: textcase 2025/02/16 v1.05 Text only upper/lower case changing (DPC)
Package textcase Info: Defining Legacy names on input line 20.
)
(/usr/local/texlive/2025basic/texmf-dist/tex/latex/url/url.sty
\Urlmuskip=\muskip17
Package: url 2013/09/16  ver 3.4  Verb mode for urls, etc.
)
(/usr/local/texlive/2025basic/texmf-dist/tex/latex/natbib/natbib.sty
Package: natbib 2010/09/13 8.31b (PWD, AO)
\bibhang=\skip52
\bibsep=\skip53
LaTeX Info: Redefining \cite on input line 694.
\c@NAT@ctr=\count277
)
Class revtex4-2 Info: Repairing natbib's \BibitemShut on input line 7676.

(/usr/local/texlive/2025basic/texmf-dist/tex/latex/revtex/revsymb4-2.sty
Package: revsymb4-2 2022/06/05 4.2f (https://journals.aps.org/revtex/ for docum
entation)
LaTeX Info: Redefining \REV@mathfrak on input line 128.
))
(/usr/local/texlive/2025basic/texmf-dist/tex/latex/graphics/graphicx.sty
Package: graphicx 2021/09/16 v1.2d Enhanced LaTeX Graphics (DPC,SPQR)

(/usr/local/texlive/2025basic/texmf-dist/tex/latex/graphics/keyval.sty
Package: keyval 2022/05/29 v1.15 key=value parser (DPC)
\KV@toks@=\toks19
)
(/usr/local/texlive/2025basic/texmf-dist/tex/latex/graphics/graphics.sty
Package: graphics 2024/08/06 v1.4g Standard LaTeX Graphics (DPC,SPQR)

(/usr/local/texlive/2025basic/texmf-dist/tex/latex/graphics/trig.sty
Package: trig 2023/12/02 v1.11 sin cos tan (DPC)
)
(/usr/local/texlive/2025basic/texmf-dist/tex/latex/graphics-cfg/graphics.cfg
File: graphics.cfg 2016/06/04 v1.11 sample graphics configuration
)
Package graphics Info: Driver file: pdftex.def on input line 106.

(/usr/local/texlive/2025basic/texmf-dist/tex/latex/graphics-def/pdftex.def
File: pdftex.def 2024/04/13 v1.2c Graphics/color driver for pdftex
))
\Gin@req@height=\dimen141
\Gin@req@width=\dimen142
)
(/usr/local/texlive/2025basic/texmf-dist/tex/latex/amsmath/amsmath.sty
Package: amsmath 2024/11/05 v2.17t AMS math features
\@mathmargin=\skip54

For additional information on amsmath, use the `?' option.
(/usr/local/texlive/2025basic/texmf-dist/tex/latex/amsmath/amstext.sty
Package: amstext 2021/08/26 v2.01 AMS text

(/usr/local/texlive/2025basic/texmf-dist/tex/latex/amsmath/amsgen.sty
File: amsgen.sty 1999/11/30 v2.0 generic functions
\@emptytoks=\toks20
\ex@=\dimen143
)
LaTeX Info: Redefining \text on input line 28.
)
(/usr/local/texlive/2025basic/texmf-dist/tex/latex/amsmath/amsbsy.sty
Package: amsbsy 1999/11/29 v1.2d Bold Symbols
\pmbraise@=\dimen144
)
(/usr/local/texlive/2025basic/texmf-dist/tex/latex/amsmath/amsopn.sty
Package: amsopn 2022/04/08 v2.04 operator names
)
\inf@bad=\count278
LaTeX Info: Redefining \frac on input line 233.
\uproot@=\count279
\leftroot@=\count280
LaTeX Info: Redefining \overline on input line 398.
LaTeX Info: Redefining \colon on input line 409.
\classnum@=\count281
\DOTSCASE@=\count282
LaTeX Info: Redefining \ldots on input line 495.
LaTeX Info: Redefining \dots on input line 498.
LaTeX Info: Redefining \cdots on input line 619.
\Mathstrutbox@=\box67
\strutbox@=\box68
LaTeX Info: Redefining \big on input line 721.
LaTeX Info: Redefining \Big on input line 722.
LaTeX Info: Redefining \bigg on input line 723.
LaTeX Info: Redefining \Bigg on input line 724.
\big@size=\dimen145
LaTeX Font Info:    Redeclaring font encoding OML on input line 742.
LaTeX Font Info:    Redeclaring font encoding OMS on input line 743.
\macc@depth=\count283
LaTeX Info: Redefining \bmod on input line 904.
LaTeX Info: Redefining \pmod on input line 909.
LaTeX Info: Redefining \smash on input line 939.
LaTeX Info: Redefining \relbar on input line 969.
LaTeX Info: Redefining \Relbar on input line 970.
\c@MaxMatrixCols=\count284
\dotsspace@=\muskip18
\c@parentequation=\count285
\dspbrk@lvl=\count286
\tag@help=\toks21
\row@=\count287
\column@=\count288
\maxfields@=\count289
\andhelp@=\toks22
\eqnshift@=\dimen146
\alignsep@=\dimen147
\tagshift@=\dimen148
\tagwidth@=\dimen149
\totwidth@=\dimen150
\lineht@=\dimen151
\@envbody=\toks23
\multlinegap=\skip55
\multlinetaggap=\skip56
\mathdisplay@stack=\toks24
LaTeX Info: Redefining \[ on input line 2953.
LaTeX Info: Redefining \] on input line 2954.
)
(/usr/local/texlive/2025basic/texmf-dist/tex/latex/amsfonts/amssymb.sty
Package: amssymb 2013/01/14 v3.01 AMS font symbols

(/usr/local/texlive/2025basic/texmf-dist/tex/latex/amsfonts/amsfonts.sty
Package: amsfonts 2013/01/14 v3.01 Basic AMSFonts support
\symAMSa=\mathgroup4
\symAMSb=\mathgroup5
LaTeX Font Info:    Redeclaring math symbol \hbar on input line 98.
LaTeX Font Info:    Overwriting math alphabet `\mathfrak' in version `bold'
(Font)                  U/euf/m/n --> U/euf/b/n on input line 106.
LaTeX Info: Redefining \frak on input line 111.
LaTeX Info: Redefining \Bbb on input line 113.
))
(/usr/local/texlive/2025basic/texmf-dist/tex/latex/tools/bm.sty
Package: bm 2023/12/19 v1.2f Bold Symbol Support (DPC/FMi)
\symboldoperators=\mathgroup6
\symboldletters=\mathgroup7
\symboldsymbols=\mathgroup8
Package bm Info: No bold for \OMX/cmex/m/n, using \pmb.
Package bm Info: No bold for \U/msa/m/n, using \pmb.
Package bm Info: No bold for \U/msb/m/n, using \pmb.
LaTeX Font Info:    Redeclaring math alphabet \mathbf on input line 149.
LaTeX Info: Redefining \bm on input line 219.
)
(/usr/local/texlive/2025basic/texmf-dist/tex/latex/hyperref/hyperref.sty
Package: hyperref 2024-11-05 v7.01l Hypertext links for LaTeX

(/usr/local/texlive/2025basic/texmf-dist/tex/generic/iftex/iftex.sty
Package: iftex 2024/12/12 v1.0g TeX engine tests
)
(/usr/local/texlive/2025basic/texmf-dist/tex/latex/kvsetkeys/kvsetkeys.sty
Package: kvsetkeys 2022-10-05 v1.19 Key value parser (HO)
)
(/usr/local/texlive/2025basic/texmf-dist/tex/generic/kvdefinekeys/kvdefinekeys.
sty
Package: kvdefinekeys 2019-12-19 v1.6 Define keys (HO)
)
(/usr/local/texlive/2025basic/texmf-dist/tex/generic/pdfescape/pdfescape.sty
Package: pdfescape 2019/12/09 v1.15 Implements pdfTeX's escape features (HO)

(/usr/local/texlive/2025basic/texmf-dist/tex/generic/ltxcmds/ltxcmds.sty
Package: ltxcmds 2023-12-04 v1.26 LaTeX kernel commands for general use (HO)
)
(/usr/local/texlive/2025basic/texmf-dist/tex/generic/pdftexcmds/pdftexcmds.sty
Package: pdftexcmds 2020-06-27 v0.33 Utility functions of pdfTeX for LuaTeX (HO
)

(/usr/local/texlive/2025basic/texmf-dist/tex/generic/infwarerr/infwarerr.sty
Package: infwarerr 2019/12/03 v1.5 Providing info/warning/error messages (HO)
)
Package pdftexcmds Info: \pdf@primitive is available.
Package pdftexcmds Info: \pdf@ifprimitive is available.
Package pdftexcmds Info: \pdfdraftmode found.
)) (/usr/local/texlive/2025basic/texmf-dist/tex/latex/hycolor/hycolor.sty
Package: hycolor 2020-01-27 v1.10 Color options for hyperref/bookmark (HO)
)
(/usr/local/texlive/2025basic/texmf-dist/tex/latex/hyperref/nameref.sty
Package: nameref 2023-11-26 v2.56 Cross-referencing by name of section

(/usr/local/texlive/2025basic/texmf-dist/tex/latex/refcount/refcount.sty
Package: refcount 2019/12/15 v3.6 Data extraction from label references (HO)
)
(/usr/local/texlive/2025basic/texmf-dist/tex/generic/gettitlestring/gettitlestr
ing.sty
Package: gettitlestring 2019/12/15 v1.6 Cleanup title references (HO)

(/usr/local/texlive/2025basic/texmf-dist/tex/latex/kvoptions/kvoptions.sty
Package: kvoptions 2022-06-15 v3.15 Key value format for package options (HO)
))

Package nameref Warning: The definition of \label has changed! 
(nameref)                Check your packages! 
(nameref)                Replacing it with the kernel definition on input line 
149.

\c@section@level=\count290
) (/usr/local/texlive/2025basic/texmf-dist/tex/latex/etoolbox/etoolbox.sty
Package: etoolbox 2025/02/11 v2.5l e-TeX tools for LaTeX (JAW)
\etb@tempcnta=\count291
)
(/usr/local/texlive/2025basic/texmf-dist/tex/generic/stringenc/stringenc.sty
Package: stringenc 2019/11/29 v1.12 Convert strings between diff. encodings (HO
)
)
\@linkdim=\dimen152
\Hy@linkcounter=\count292
\Hy@pagecounter=\count293

(/usr/local/texlive/2025basic/texmf-dist/tex/latex/hyperref/pd1enc.def
File: pd1enc.def 2024-11-05 v7.01l Hyperref: PDFDocEncoding definition (HO)
Now handling font encoding PD1 ...
... no UTF-8 mapping file for font encoding PD1
)
(/usr/local/texlive/2025basic/texmf-dist/tex/generic/intcalc/intcalc.sty
Package: intcalc 2019/12/15 v1.3 Expandable calculations with integers (HO)
)
\Hy@SavedSpaceFactor=\count294

(/usr/local/texlive/2025basic/texmf-dist/tex/latex/hyperref/puenc.def
File: puenc.def 2024-11-05 v7.01l Hyperref: PDF Unicode definition (HO)
Now handling font encoding PU ...
... no UTF-8 mapping file for font encoding PU
)
Package hyperref Info: Hyper figures OFF on input line 4157.
Package hyperref Info: Link nesting OFF on input line 4162.
Package hyperref Info: Hyper index ON on input line 4165.
Package hyperref Info: Plain pages OFF on input line 4172.
Package hyperref Info: Backreferencing OFF on input line 4177.
Package hyperref Info: Implicit mode ON; LaTeX internals redefined.
Package hyperref Info: Bookmarks ON on input line 4424.
LaTeX Info: Redefining \href on input line 4674.
\c@Hy@tempcnt=\count295
LaTeX Info: Redefining \url on input line 4763.
\XeTeXLinkMargin=\dimen153

(/usr/local/texlive/2025basic/texmf-dist/tex/generic/bitset/bitset.sty
Package: bitset 2019/12/09 v1.3 Handle bit-vector datatype (HO)

(/usr/local/texlive/2025basic/texmf-dist/tex/generic/bigintcalc/bigintcalc.sty
Package: bigintcalc 2019/12/15 v1.5 Expandable calculations on big integers (HO
)
))
\Fld@menulength=\count296
\Field@Width=\dimen154
\Fld@charsize=\dimen155
Package hyperref Info: Hyper figures OFF on input line 6042.
Package hyperref Info: Link nesting OFF on input line 6047.
Package hyperref Info: Hyper index ON on input line 6050.
Package hyperref Info: backreferencing OFF on input line 6057.
Package hyperref Info: Link coloring OFF on input line 6062.
Package hyperref Info: Link coloring with OCG OFF on input line 6067.
Package hyperref Info: PDF/A mode OFF on input line 6072.
 (/usr/local/texlive/2025basic/texmf-dist/tex/latex/base/atbegshi-ltx.sty
Package: atbegshi-ltx 2021/01/10 v1.0c Emulation of the original atbegshi
package with kernel methods
)
\Hy@abspage=\count297
\c@Item=\count298
\c@Hfootnote=\count299
)
Package hyperref Info: Driver (autodetected): hpdftex.

(/usr/local/texlive/2025basic/texmf-dist/tex/latex/hyperref/hpdftex.def
File: hpdftex.def 2024-11-05 v7.01l Hyperref driver for pdfTeX

(/usr/local/texlive/2025basic/texmf-dist/tex/latex/base/atveryend-ltx.sty
Package: atveryend-ltx 2020/08/19 v1.0a Emulation of the original atveryend pac
kage
with kernel methods
)
\Fld@listcount=\count300
\c@bookmark@seq@number=\count301

(/usr/local/texlive/2025basic/texmf-dist/tex/latex/rerunfilecheck/rerunfilechec
k.sty
Package: rerunfilecheck 2022-07-10 v1.10 Rerun checks for auxiliary files (HO)

(/usr/local/texlive/2025basic/texmf-dist/tex/generic/uniquecounter/uniquecounte
r.sty
Package: uniquecounter 2019/12/15 v1.4 Provide unlimited unique counter (HO)
)
Package uniquecounter Info: New unique counter `rerunfilecheck' on input line 2
85.
)
\Hy@SectionHShift=\skip57
) (/usr/local/texlive/2025basic/texmf-dist/tex/latex/xcolor/xcolor.sty
Package: xcolor 2024/09/29 v3.02 LaTeX color extensions (UK)

(/usr/local/texlive/2025basic/texmf-dist/tex/latex/graphics-cfg/color.cfg
File: color.cfg 2016/01/02 v1.6 sample color configuration
)
Package xcolor Info: Driver file: pdftex.def on input line 274.

(/usr/local/texlive/2025basic/texmf-dist/tex/latex/graphics/mathcolor.ltx)
Package xcolor Info: Model `cmy' substituted by `cmy0' on input line 1349.
Package xcolor Info: Model `hsb' substituted by `rgb' on input line 1353.
Package xcolor Info: Model `RGB' extended on input line 1365.
Package xcolor Info: Model `HTML' substituted by `rgb' on input line 1367.
Package xcolor Info: Model `Hsb' substituted by `hsb' on input line 1368.
Package xcolor Info: Model `tHsb' substituted by `hsb' on input line 1369.
Package xcolor Info: Model `HSB' substituted by `hsb' on input line 1370.
Package xcolor Info: Model `Gray' substituted by `gray' on input line 1371.
Package xcolor Info: Model `wave' substituted by `hsb' on input line 1372.
)
(/usr/local/texlive/2025basic/texmf-dist/tex/latex/float/float.sty
Package: float 2001/11/08 v1.3d Float enhancements (AL)
\c@float@type=\count302
\float@exts=\toks25
\float@box=\box69
\@float@everytoks=\toks26
\@floatcapt=\box70
)
Class revtex4-2 Info: Unrecognized LaTeX tabular. Please update this document c
lass! (Proceeding with fingers crossed.) on input line 26.


Class revtex4-2 Warning: Repair the float package.

Class revtex4-2 Info: cite was not loaded (OK!) on input line 26.
Class revtex4-2 Info: mcite was not loaded (OK!) on input line 26.
Class revtex4-2 Info: multicol was not loaded (OK!) on input line 26.

(/usr/local/texlive/2025basic/texmf-dist/tex/latex/l3backend/l3backend-pdftex.d
ef
File: l3backend-pdftex.def 2024-05-08 L3 backend support: PDF output (pdfTeX)
\l__color_backend_stack_int=\count303
\l__pdf_internal_box=\box71
) (./sigmagravity_revtex_preprint.aux)
\openout1 = `sigmagravity_revtex_preprint.aux'.

LaTeX Font Info:    Checking defaults for OML/cmm/m/it on input line 26.
LaTeX Font Info:    ... okay on input line 26.
LaTeX Font Info:    Checking defaults for OMS/cmsy/m/n on input line 26.
LaTeX Font Info:    ... okay on input line 26.
LaTeX Font Info:    Checking defaults for OT1/cmr/m/n on input line 26.
LaTeX Font Info:    ... okay on input line 26.
LaTeX Font Info:    Checking defaults for T1/cmr/m/n on input line 26.
LaTeX Font Info:    ... okay on input line 26.
LaTeX Font Info:    Checking defaults for TS1/cmr/m/n on input line 26.
LaTeX Font Info:    ... okay on input line 26.
LaTeX Font Info:    Checking defaults for OMX/cmex/m/n on input line 26.
LaTeX Font Info:    ... okay on input line 26.
LaTeX Font Info:    Checking defaults for U/cmr/m/n on input line 26.
LaTeX Font Info:    ... okay on input line 26.
LaTeX Font Info:    Checking defaults for PD1/pdf/m/n on input line 26.
LaTeX Font Info:    ... okay on input line 26.
LaTeX Font Info:    Checking defaults for PU/pdf/m/n on input line 26.
LaTeX Font Info:    ... okay on input line 26.

(/usr/local/texlive/2025basic/texmf-dist/tex/context/base/mkii/supp-pdf.mkii
[Loading MPS to PDF converter (version 2006.09.02).]
\scratchcounter=\count304
\scratchdimen=\dimen156
\scratchbox=\box72
\nofMPsegments=\count305
\nofMParguments=\count306
\everyMPshowfont=\toks27
\MPscratchCnt=\count307
\MPscratchDim=\dimen157
\MPnumerator=\count308
\makeMPintoPDFobject=\count309
\everyMPtoPDFconversion=\toks28
)
(/usr/local/texlive/2025basic/texmf-dist/tex/latex/epstopdf-pkg/epstopdf-base.s
ty
Package: epstopdf-base 2020-01-24 v2.11 Base part for package epstopdf
Package epstopdf-base Info: Redefining graphics rule for `.eps' on input line 4
85.

(/usr/local/texlive/2025basic/texmf-dist/tex/latex/latexconfig/epstopdf-sys.cfg
File: epstopdf-sys.cfg 2010/07/13 v1.3 Configuration of (r)epstopdf for TeX Liv
e
))
Package hyperref Info: Link coloring OFF on input line 26.
 (./sigmagravity_revtex_preprint.out) (./sigmagravity_revtex_preprint.out)
\@outlinefile=\write4
\openout4 = `sigmagravity_revtex_preprint.out'.

Class revtex4-2 Info: Taking \maketitle back from hyperref on input line 26.
\openout3 = `sigmagravity_revtex_preprintNotes.bib'.

LaTeX Font Info:    Trying to load font information for U+msa on input line 39.


(/usr/local/texlive/2025basic/texmf-dist/tex/latex/amsfonts/umsa.fd
File: umsa.fd 2013/01/14 v3.01 AMS symbols A
)
LaTeX Font Info:    Trying to load font information for U+msb on input line 39.


(/usr/local/texlive/2025basic/texmf-dist/tex/latex/amsfonts/umsb.fd
File: umsb.fd 2013/01/14 v3.01 AMS symbols B
)

Package hyperref Warning: Token not allowed in a PDF string (Unicode):
(hyperref)                removing `math shift' on input line 46.


Package hyperref Warning: Token not allowed in a PDF string (Unicode):
(hyperref)                removing `\Sigma' on input line 46.


Package hyperref Warning: Token not allowed in a PDF string (Unicode):
(hyperref)                removing `math shift' on input line 46.


Package hyperref Warning: Token not allowed in a PDF string (Unicode):
(hyperref)                removing `\\' on input line 46.

[1{/usr/local/texlive/2025basic/texmf-var/fonts/map/pdftex/updmap/pdftex.map}]
Underfull \hbox (badness 10000) in paragraph at lines 57--58
[]\OT1/cmr/m/n/12 The stan-dard cos-mo-log-i-cal model
 []


Underfull \hbox (badness 10000) in paragraph at lines 57--58
\OT1/cmr/m/n/12 ($^^C$CDM) ad-dresses this through cold
 []


Underfull \hbox (badness 1496) in paragraph at lines 57--58
\OT1/cmr/m/n/12 com-pris-ing ap-prox-i-mately 27% of cos-mic
 []


Package hyperref Warning: Token not allowed in a PDF string (Unicode):
(hyperref)                removing `math shift' on input line 65.


Package hyperref Warning: Token not allowed in a PDF string (Unicode):
(hyperref)                removing `\Sigma' on input line 65.


Package hyperref Warning: Token not allowed in a PDF string (Unicode):
(hyperref)                removing `math shift' on input line 65.


Underfull \hbox (badness 3354) in paragraph at lines 67--68
[]\OT1/cmr/m/n/12 Here we de-velop $^^F$-Gravity (``Sigma-
 []


Underfull \hbox (badness 1024) in paragraph at lines 67--68
\OT1/cmr/m/n/12 Gravity''), a phe-nomeno-log-i-cal frame-work
 []

[2]
Underfull \hbox (badness 2582) in paragraph at lines 75--76
[]\OT1/cmr/bx/n/12 Compared to MOND/QUMOND:
 []


Underfull \hbox (badness 10000) in paragraph at lines 79--80
[]\OT1/cmr/bx/n/12 Compared to emer-gent/entropic
 []


Underfull \hbox (badness 10000) in paragraph at lines 79--80
\OT1/cmr/m/n/12 does not in-voke en-tropic mech-a-nisms.
 []


Underfull \hbox (badness 2293) in paragraph at lines 92--93
[]$\OT1/cmr/m/n/12 ^^F$-Gravity mod-i-fies grav-ity through a
 []

[3] [4]
Underfull \hbox (badness 1688) in paragraph at lines 145--146
[]\OT1/cmr/bx/n/12 Practical ap-prox-i-ma-tion: \OT1/cmr/m/n/12 For disk
 []

<../figures/coherence_window.png, id=220, 716.4366pt x 281.3712pt>
File: ../figures/coherence_window.png Graphic file (type png)
<use ../figures/coherence_window.png>
Package pdftex.def Info: ../figures/coherence_window.png  used on input line 14
9.
(pdftex.def)             Requested size: 229.0pt x 89.93758pt.

Underfull \hbox (badness 2088) in paragraph at lines 165--166
 []\OT1/cmr/m/n/12 Deep MOND regime ($\OML/cmm/m/it/12 g[] \OMS/cmsy/m/n/12 ^^\
 \OML/cmm/m/it/12 g[]$\OT1/cmr/m/n/12 ):
 []

<../figures/h_function_comparison.png, id=223, 715.2321pt x 281.853pt>
File: ../figures/h_function_comparison.png Graphic file (type png)
<use ../figures/h_function_comparison.png>
Package pdftex.def Info: ../figures/h_function_comparison.png  used on input li
ne 171.
(pdftex.def)             Requested size: 229.0pt x 90.24211pt.
[5
pdfTeX warning (ext4): destination with the same identifier (name{figure.1}) ha
s been already used, duplicate ignored
<argument> ...shipout:D \box_use:N \l_shipout_box 
                                                  \__shipout_drop_firstpage_...
l.187 \end{equation}
                    
pdfTeX warning (ext4): destination with the same identifier (name{figure.2}) ha
s been already used, duplicate ignored
<argument> ...shipout:D \box_use:N \l_shipout_box 
                                                  \__shipout_drop_firstpage_...
l.187 \end{equation}
                     <../figures/coherence_window.png> <../figures/h_function_c
omparison.png>]
Overfull \hbox (103.8178pt too wide) in paragraph at lines 203--216
 []$[]$ 
 []

<../figures/amplitude_comparison.png, id=239, 715.473pt x 498.663pt>
File: ../figures/amplitude_comparison.png Graphic file (type png)
<use ../figures/amplitude_comparison.png>
Package pdftex.def Info: ../figures/amplitude_comparison.png  used on input lin
e 224.
(pdftex.def)             Requested size: 229.0pt x 159.60585pt.

Underfull \hbox (badness 2486) in paragraph at lines 231--232
[]\OT1/cmr/m/n/12 In com-pact sys-tems, two sup-pres-sion
 []

[6
pdfTeX warning (ext4): destination with the same identifier (name{table.1}) has
 been already used, duplicate ignored
<argument> ...shipout:D \box_use:N \l_shipout_box 
                                                  \__shipout_drop_firstpage_...
l.238 
      
pdfTeX warning (ext4): destination with the same identifier (name{figure.3}) ha
s been already used, duplicate ignored
<argument> ...shipout:D \box_use:N \l_shipout_box 
                                                  \__shipout_drop_firstpage_...
l.238 
       <../figures/amplitude_comparison.png>]
<../figures/solar_system_safety.png, id=253, 570.933pt x 353.8821pt>
File: ../figures/solar_system_safety.png Graphic file (type png)
<use ../figures/solar_system_safety.png>
Package pdftex.def Info: ../figures/solar_system_safety.png  used on input line
 243.
(pdftex.def)             Requested size: 229.0pt x 141.9391pt.

Underfull \hbox (badness 10000) in paragraph at lines 248--248
[] []\OT1/cmr/bx/n/10.95 G. Con-ser-va-tion and Equiv-a-lence
 []


Underfull \hbox (badness 1502) in paragraph at lines 250--251
\OT1/cmr/m/n/12 QUMOND-like for-mu-la-tion, the phan-tom
 []


Underfull \hbox (badness 1648) in paragraph at lines 265--266
[]\OT1/cmr/bx/n/12 Mass-to-light ra-tios: \OT1/cmr/m/n/12 Fol-low-ing the
 []

[7
pdfTeX warning (ext4): destination with the same identifier (name{figure.4}) ha
s been already used, duplicate ignored
<argument> ...shipout:D \box_use:N \l_shipout_box 
                                                  \__shipout_drop_firstpage_...
l.274 \item P
             redict: $V_{\rm pred} = V_{\rm bar} \times \sqrt{\Sigma}$ <../figu
res/solar_system_safety.png>]
Underfull \hbox (badness 10000) in paragraph at lines 285--286
[]\OT1/cmr/bx/n/12 Baryonic mass es-ti-mate:
 []


Overfull \hbox (19.99196pt too wide) in paragraph at lines 310--320
 []$[]$ 
 []


Underfull \hbox (badness 1082) in paragraph at lines 320--320
[]\OT1/cmr/m/n/10.95 TABLE II. []Performance com-par-i-son on 171
 []

<../figures/rar_derived_formula.png, id=275, 426.393pt x 354.123pt>
File: ../figures/rar_derived_formula.png Graphic file (type png)
<use ../figures/rar_derived_formula.png>
Package pdftex.def Info: ../figures/rar_derived_formula.png  used on input line
 330.
(pdftex.def)             Requested size: 229.0pt x 190.1861pt.

Underfull \hbox (badness 1122) in paragraph at lines 331--331
\OT1/cmr/m/n/10.95 onic ac-cel-er-a-tion ($\OML/cmm/m/it/10.95 g[]$ \OT1/cmr/m/
n/10.95 from vis-i-ble mat-ter).
 []

[8
pdfTeX warning (ext4): destination with the same identifier (name{table.2}) has
 been already used, duplicate ignored
<argument> ...shipout:D \box_use:N \l_shipout_box 
                                                  \__shipout_drop_firstpage_...
l.336 
      ]

LaTeX Warning: A float is stuck (cannot be placed) on input line 336.


LaTeX Warning: A float is stuck (cannot be placed) on input line 336.


Class revtex4-2 Warning: Deferred float stuck during \clearpage processing.

<../figures/rc_gallery_derived.png, id=289, 860.013pt x 570.2103pt>
File: ../figures/rc_gallery_derived.png Graphic file (type png)
<use ../figures/rc_gallery_derived.png>
Package pdftex.def Info: ../figures/rc_gallery_derived.png  used on input line 
339.
(pdftex.def)             Requested size: 468.0pt x 310.29297pt.
<../figures/mw_rotation_curve_derived.png, id=291, 642.9621pt x 426.393pt>
File: ../figures/mw_rotation_curve_derived.png Graphic file (type png)
<use ../figures/mw_rotation_curve_derived.png>
Package pdftex.def Info: ../figures/mw_rotation_curve_derived.png  used on inpu
t line 366.
(pdftex.def)             Requested size: 229.0pt x 151.86179pt.
<../figures/cluster_fox2022_validation.png, id=293, 1084.05pt x 361.35pt>
File: ../figures/cluster_fox2022_validation.png Graphic file (type png)
<use ../figures/cluster_fox2022_validation.png>
Package pdftex.def Info: ../figures/cluster_fox2022_validation.png  used on inp
ut line 392.
(pdftex.def)             Requested size: 468.0pt x 156.00052pt.

Underfull \hbox (badness 1308) in paragraph at lines 399--400
[]\OT1/cmr/m/n/12 The same the-o-ret-i-cal framework---with
 []


Underfull \hbox (badness 2980) in paragraph at lines 399--400
\OT1/cmr/m/n/12 cluster-calibrated am-pli-tude parameters---
 []


Underfull \hbox (badness 2189) in paragraph at lines 401--402
 []\OT1/cmr/m/n/12 Galaxy ro-ta-tion curves (RMS $\OMS/cmsy/m/n/12 ^^X$\OT1/cmr
/m/n/12 18
 []

[9
pdfTeX warning (ext4): destination with the same identifier (name{figure.5}) ha
s been already used, duplicate ignored
<argument> ...shipout:D \box_use:N \l_shipout_box 
                                                  \__shipout_drop_firstpage_...
l.403 \item C
             luster lensing masses (median ratio 0.99) --- calibration set
pdfTeX warning (ext4): destination with the same identifier (name{table.3}) has
 been already used, duplicate ignored
<argument> ...shipout:D \box_use:N \l_shipout_box 
                                                  \__shipout_drop_firstpage_...
l.403 \item C
             luster lensing masses (median ratio 0.99) --- calibration set
pdfTeX warning (ext4): destination with the same identifier (name{table.4}) has
 been already used, duplicate ignored
<argument> ...shipout:D \box_use:N \l_shipout_box 
                                                  \__shipout_drop_firstpage_...
l.403 \item C
             luster lensing masses (median ratio 0.99) --- calibration set <../
figures/rar_derived_formula.png>]
Underfull \hbox (badness 2050) in paragraph at lines 407--408
\OT1/cmr/m/n/12 with-out per-system fit-ting, sup-ports the
 []

[10
pdfTeX warning (ext4): destination with the same identifier (name{figure.6}) ha
s been already used, duplicate ignored
<argument> ...shipout:D \box_use:N \l_shipout_box 
                                                  \__shipout_drop_firstpage_...
l.423 
       <../figures/rc_gallery_derived.png>]

LaTeX Warning: A float is stuck (cannot be placed) on input line 423.


LaTeX Warning: A float is stuck (cannot be placed) on input line 423.


Class revtex4-2 Warning: Deferred float stuck during \clearpage processing.

<../figures/counter_rotation_effect.png, id=312, 713.3049pt x 315.579pt>
File: ../figures/counter_rotation_effect.png Graphic file (type png)
<use ../figures/counter_rotation_effect.png>
Package pdftex.def Info: ../figures/counter_rotation_effect.png  used on input 
line 426.
(pdftex.def)             Requested size: 229.0pt x 101.30997pt.

Underfull \hbox (badness 4859) in paragraph at lines 453--454
 []\OT1/cmr/m/n/12 The mod-i-fied Pois-son equa-tion is
 []


Underfull \hbox (badness 1052) in paragraph at lines 453--454
 \OT1/cmr/m/n/12 adopted as phe-nomeno-log-i-cal def-i-ni-
 []


Underfull \hbox (badness 2012) in paragraph at lines 454--455
 \OT1/cmr/m/n/12 more rig-or-ous deriva-tion from first
 []

[11
pdfTeX warning (ext4): destination with the same identifier (name{figure.7}) ha
s been already used, duplicate ignored
<argument> ...shipout:D \box_use:N \l_shipout_box 
                                                  \__shipout_drop_firstpage_...
l.456 \end{itemize}
                    <../figures/mw_rotation_curve_derived.png>]
Underfull \hbox (badness 6252) in paragraph at lines 461--462
 []\OT1/cmr/m/n/12 Structure for-ma-tion needs ex-plicit
 []


Underfull \hbox (badness 1303) in paragraph at lines 479--480
[]\OT1/cmr/m/n/12 We have pre-sented $^^F$-Gravity, a phe-
 []


Underfull \hbox (badness 4621) in paragraph at lines 479--480
\OT1/cmr/m/n/12 nomeno-log-i-cal frame-work where grav-i-ta-
 []


Underfull \hbox (badness 4872) in paragraph at lines 482--483
 []\OT1/cmr/m/n/12 Reproduces galaxy ro-ta-tion curves
 []

[12
pdfTeX warning (ext4): destination with the same identifier (name{figure.8}) ha
s been already used, duplicate ignored
<argument> ...shipout:D \box_use:N \l_shipout_box 
                                                  \__shipout_drop_firstpage_...
l.483 \item F
             its cluster lensing masses where MOND fails (calibration set fo...
 <../figures/cluster_fox2022_validation.png>]

LaTeX Warning: A float is stuck (cannot be placed) on input line 483.


LaTeX Warning: A float is stuck (cannot be placed) on input line 483.


Class revtex4-2 Warning: Deferred float stuck during \clearpage processing.


Underfull \hbox (badness 5091) in paragraph at lines 483--484
 []\OT1/cmr/m/n/12 Fits clus-ter lens-ing masses where
 []


Underfull \hbox (badness 10000) in paragraph at lines 493--494
[]\OT1/cmr/m/n/12 The data and code sup-port-ing
 []


Underfull \hbox (badness 10000) in paragraph at lines 493--494
\OT1/cmr/m/n/12 this study are openly avail-able at
 []


Underfull \hbox (badness 10000) in paragraph at lines 493--494
[]$\OT1/cmtt/m/n/12 https : / / github . com / lrspeiser /
 []


Underfull \hbox (badness 10000) in paragraph at lines 493--494
\OT1/cmtt/m/n/12 derivations/full[]regression[]test.py
 []


Underfull \hbox (badness 3977) in paragraph at lines 493--494
\OT1/cmr/m/n/12 canon-i-cal pa-ram-e-ters de-fined in SI \TS1/cmr/m/n/12 §\OT1/
cmr/m/n/12 2.
 []


Underfull \hbox (badness 1661) in paragraph at lines 493--494
\OT1/cmr/m/n/12 The repos-i-tory in-cludes SPARC ro-ta-tion
 []

[13
pdfTeX warning (ext4): destination with the same identifier (name{figure.9}) ha
s been already used, duplicate ignored
<argument> ...shipout:D \box_use:N \l_shipout_box 
                                                  \__shipout_drop_firstpage_...
l.498 \end{acknowledgments}
                            <../figures/counter_rotation_effect.png>]
Underfull \hbox (badness 3460) in paragraph at lines 531--532
 []\OT1/cmr/m/n/10.95 R. Fer-raro and F. Fior-ini, ``Mod-i-fied
 []


Underfull \hbox (badness 2318) in paragraph at lines 546--547
 []\OT1/cmr/m/n/10.95 F. Lelli, S. S. Mc-Gaugh, and J. M.
 []

[14]
Underfull \hbox (badness 1484) in paragraph at lines 552--553
 \OT1/cmr/m/n/10.95 ter Lenses: An Anal-y-sis of the Re-la-
 []


Underfull \hbox (badness 6268) in paragraph at lines 558--559
 []\OT1/cmr/m/n/10.95 R. Gen-zel et al., ``Strongly baryon-
 []

No file sigmagravity_revtex_preprint.bbl.
[15] (./sigmagravity_revtex_preprint.aux)
 ***********
LaTeX2e <2024-11-01> patch level 2
L3 programming layer <2025-01-18>
 ***********
Package rerunfilecheck Info: File `sigmagravity_revtex_preprint.out' has not ch
anged.
(rerunfilecheck)             Checksum: 8AE02912BC2D05FAE013B0CE90C24538;6082.
 ) 
Here is how much of TeX's memory you used:
 12587 strings out of 474662
 189794 string characters out of 5751110
 606687 words of memory out of 5000000
 35363 multiletter control sequences out of 15000+600000
 576841 words of font info for 102 fonts, out of 8000000 for 9000
 319 hyphenation exceptions out of 8191
 75i,9n,79p,981b,646s stack positions out of 10000i,1000n,20000p,200000b,200000s
 </Users/leonardspeiser/Library/texlive/2025basic/texmf-var/fonts/pk/ljfour/j
knappen/ec/tcrm1200.600pk></usr/local/texlive/2025basic/texmf-dist/fonts/type1/
public/amsfonts/cm/cmbx10.pfb></usr/local/texlive/2025basic/texmf-dist/fonts/ty
pe1/public/amsfonts/cm/cmbx12.pfb></usr/local/texlive/2025basic/texmf-dist/font
s/type1/public/amsfonts/cm/cmex10.pfb></usr/local/texlive/2025basic/texmf-dist/
fonts/type1/public/amsfonts/cm/cmmi10.pfb></usr/local/texlive/2025basic/texmf-d
ist/fonts/type1/public/amsfonts/cm/cmmi12.pfb></usr/local/texlive/2025basic/tex
mf-dist/fonts/type1/public/amsfonts/cm/cmmi8.pfb></usr/local/texlive/2025basic/
texmf-dist/fonts/type1/public/amsfonts/cm/cmr10.pfb></usr/local/texlive/2025bas
ic/texmf-dist/fonts/type1/public/amsfonts/cm/cmr12.pfb></usr/local/texlive/2025
basic/texmf-dist/fonts/type1/public/amsfonts/cm/cmr8.pfb></usr/local/texlive/20
25basic/texmf-dist/fonts/type1/public/amsfonts/cm/cmsy10.pfb></usr/local/texliv
e/2025basic/texmf-dist/fonts/type1/public/amsfonts/cm/cmsy7.pfb></usr/local/tex
live/2025basic/texmf-dist/fonts/type1/public/amsfonts/cm/cmsy8.pfb></usr/local/
texlive/2025basic/texmf-dist/fonts/type1/public/amsfonts/cm/cmti12.pfb></usr/lo
cal/texlive/2025basic/texmf-dist/fonts/type1/public/amsfonts/cm/cmtt12.pfb>
Output written on sigmagravity_revtex_preprint.pdf (15 pages, 2161756 bytes).
PDF statistics:
 445 PDF objects out of 1000 (max. 8388607)
 373 compressed objects within 4 object streams
 113 named destinations out of 1000 (max. 500000)
 326 words of extra memory for PDF output out of 10000 (max. 10000000)

