\BOOKMARK [1][-]{section.1}{\376\377\000I\000n\000t\000r\000o\000d\000u\000c\000t\000i\000o\000n}{}% 1
\BOOKMARK [2][-]{subsection.1.1}{\376\377\000S\000i\000d\000e\040\021\000b\000y\040\021\000s\000i\000d\000e\000\040\000p\000e\000r\000f\000o\000r\000m\000a\000n\000c\000e\000\040\000\050\000o\000r\000i\000e\000n\000t\000a\000t\000i\000o\000n\000\051}{section.1}% 2
\BOOKMARK [2][-]{subsection.1.2}{\376\377\000R\000e\000a\000d\000e\000r\040\031\000s\000\040\000G\000u\000i\000d\000e\000\040\000\050\000h\000o\000w\000\040\000t\000o\000\040\000r\000e\000a\000d\000\040\000t\000h\000i\000s\000\040\000p\000a\000p\000e\000r\000\051}{section.1}% 3
\BOOKMARK [2][-]{subsection.1.3}{\376\377\000N\000o\000t\000a\000t\000i\000o\000n\000\040\000\050\000u\000s\000e\000d\000\040\000t\000h\000r\000o\000u\000g\000h\000o\000u\000t\000\051}{section.1}% 4
\BOOKMARK [1][-]{section.2}{\376\377\000T\000h\000e\000o\000r\000y\000:\000\040\000F\000r\000o\000m\000\040\000i\000n\000t\000u\000i\000t\000i\000o\000n\000\040\000t\000o\000\040\000a\000\040\000s\000i\000n\000g\000l\000e\000\040\000k\000e\000r\000n\000e\000l\000\040\000u\000s\000e\000d\000\040\000i\000n\000\040\000t\000w\000o\000\040\000d\000o\000m\000a\000i\000n\000s}{}% 5
\BOOKMARK [2][-]{subsection.2.1}{\376\377\000P\000l\000a\000i\000n\040\021\000l\000a\000n\000g\000u\000a\000g\000e\000\040\000p\000r\000i\000m\000e\000r}{section.2}% 6
\BOOKMARK [2][-]{subsection.2.2}{\376\377\000S\000t\000a\000t\000i\000o\000n\000a\000r\000y\040\021\000p\000h\000a\000s\000e\000\040\000r\000e\000d\000u\000c\000t\000i\000o\000n\000\040\000a\000n\000d\000\040\000t\000h\000e\000\040\000o\000r\000i\000g\000i\000n\000\040\000o\000f\000\040\000t\000h\000e\000\040\000k\000e\000r\000n\000e\000l}{section.2}% 7
\BOOKMARK [2][-]{subsection.2.3}{\376\377\000C\000o\000h\000e\000r\000e\000n\000c\000e\000\040\000w\000i\000n\000d\000o\000w\000\040\000a\000n\000d\000\040\000c\000o\000n\000s\000t\000a\000n\000t\000s\000\040\000o\000f\000\040\000t\000h\000e\000\040\000m\000o\000d\000e\000l}{section.2}% 8
\BOOKMARK [2][-]{subsection.2.4}{\376\377\000C\000a\000n\000o\000n\000i\000c\000a\000l\000\040\000k\000e\000r\000n\000e\000l\000\040\000\050\000s\000i\000n\000g\000l\000e\000\040\000p\000l\000a\000c\000e\000\040\000w\000h\000e\000r\000e\000\040\000i\000t\000\040\000i\000s\000\040\000d\000e\000f\000i\000n\000e\000d\000\051}{section.2}% 9
\BOOKMARK [2][-]{subsection.2.5}{\376\377\000I\000l\000l\000u\000s\000t\000r\000a\000t\000i\000v\000e\000\040\000e\000x\000a\000m\000p\000l\000e\000\040\000\050\000e\000m\000e\000r\000g\000e\000n\000c\000e\000\040\000o\000f\000\040\000c\000o\000h\000e\000r\000e\000n\000c\000e\000\040\000w\000i\000t\000h\000\040\000s\000c\000a\000l\000e\000\051}{section.2}% 10
\BOOKMARK [2][-]{subsection.2.6}{\376\377\000W\000h\000a\000t\000\040\000i\000s\000\040\000d\000e\000r\000i\000v\000e\000d\000\040\000v\000s\000\040\000c\000a\000l\000i\000b\000r\000a\000t\000e\000d}{section.2}% 11
\BOOKMARK [2][-]{subsection.2.7}{\376\377\000G\000a\000l\000a\000x\000y\040\021\000s\000c\000a\000l\000e\000\040\000k\000e\000r\000n\000e\000l\000\040\000\050\000R\000A\000R\000;\000\040\000r\000o\000t\000a\000t\000i\000o\000n\000\040\000c\000u\000r\000v\000e\000s\000\051}{section.2}% 12
\BOOKMARK [2][-]{subsection.2.8}{\376\377\000C\000l\000u\000s\000t\000e\000r\040\021\000s\000c\000a\000l\000e\000\040\000k\000e\000r\000n\000e\000l\000\040\000\050\000p\000r\000o\000j\000e\000c\000t\000e\000d\000\040\000l\000e\000n\000s\000i\000n\000g\000\051}{section.2}% 13
\BOOKMARK [2][-]{subsection.2.9}{\376\377\000S\000a\000f\000e\000t\000y\000:\000\040\000N\000e\000w\000t\000o\000n\000i\000a\000n\000\040\000c\000o\000r\000e\000\040\000a\000n\000d\000\040\000c\000u\000r\000l\040\021\000f\000r\000e\000e\000\040\000f\000i\000e\000l\000d}{section.2}% 14
\BOOKMARK [1][-]{section.3}{\376\377\000D\000a\000t\000a}{}% 15
\BOOKMARK [2][-]{subsection.3.1}{\376\377\000B\000a\000r\000y\000o\000n\000\040\000m\000o\000d\000e\000l\000s\000\040\000\050\000c\000l\000u\000s\000t\000e\000r\000s\000\051\000\040\000\050\000m\000o\000v\000e\000d\000\040\000f\000r\000o\000m\000\040\000\247\0002\000\051}{section.3}% 16
\BOOKMARK [1][-]{section.4}{\376\377\000M\000e\000t\000h\000o\000d\000s\000\040\000\046\000\040\000V\000a\000l\000i\000d\000a\000t\000i\000o\000n}{}% 17
\BOOKMARK [2][-]{subsection.4.1}{\376\377\000V\000a\000l\000i\000d\000a\000t\000i\000o\000n\000\040\000s\000u\000i\000t\000e\000\040\000\050\000p\000h\000y\000s\000i\000c\000s\000\051}{section.4}% 18
\BOOKMARK [2][-]{subsection.4.2}{\376\377\000S\000o\000l\000a\000r\040\021\000S\000y\000s\000t\000e\000m\000\040\000c\000o\000n\000s\000t\000r\000a\000i\000n\000t\000s\000\040\000\050\000s\000u\000m\000m\000a\000r\000y\000\040\000t\000a\000b\000l\000e\000\051}{section.4}% 19
\BOOKMARK [2][-]{subsection.4.3}{\376\377\000G\000a\000l\000a\000x\000y\000\040\000p\000i\000p\000e\000l\000i\000n\000e\000\040\000\050\000R\000A\000R\000\051}{section.4}% 20
\BOOKMARK [2][-]{subsection.4.4}{\376\377\000C\000l\000u\000s\000t\000e\000r\000\040\000p\000i\000p\000e\000l\000i\000n\000e\000\040\000\050\003\243\040\021\000k\000e\000r\000n\000e\000l\000\040\000+\000\040\000t\000r\000i\000a\000x\000i\000a\000l\000\040\000l\000e\000n\000s\000i\000n\000g\000\051}{section.4}% 21
\BOOKMARK [2][-]{subsection.4.5}{\376\377\000H\000i\000e\000r\000a\000r\000c\000h\000i\000c\000a\000l\000\040\000c\000a\000l\000i\000b\000r\000a\000t\000i\000o\000n\000\040\000\050\000c\000l\000u\000s\000t\000e\000r\000s\000\051}{section.4}% 22
\BOOKMARK [1][-]{section.5}{\376\377\000R\000e\000s\000u\000l\000t\000s}{}% 23
\BOOKMARK [2][-]{subsection.5.1}{\376\377\000G\000a\000l\000a\000x\000i\000e\000s\000\040\000\050\000S\000P\000A\000R\000C\000\051}{section.5}% 24
\BOOKMARK [2][-]{subsection.5.2}{\376\377\000C\000l\000u\000s\000t\000e\000r\000s\000\040\000\050\000s\000i\000n\000g\000l\000e\040\021\000s\000y\000s\000t\000e\000m\000\040\000v\000a\000l\000i\000d\000a\000t\000i\000o\000n\000\051}{section.5}% 25
\BOOKMARK [2][-]{subsection.5.3}{\376\377\000C\000l\000u\000s\000t\000e\000r\000s\000\040\000\050\000h\000i\000e\000r\000a\000r\000c\000h\000i\000c\000a\000l\000\040\000N\000U\000T\000S\040\021\000g\000r\000i\000d\000;\000\040\000N\042\110\0001\0000\000\040\000+\000\040\000b\000l\000i\000n\000d\000\040\000h\000o\000l\000d\040\021\000o\000u\000t\000s\000\051}{section.5}% 26
\BOOKMARK [2][-]{subsection.5.4}{\376\377\000M\000i\000l\000k\000y\000\040\000W\000a\000y\000\040\000\050\000G\000a\000i\000a\000\040\000D\000R\0003\000\051\000:\000\040\000S\000t\000a\000r\040\021\000l\000e\000v\000e\000l\000\040\000R\000A\000R\000\040\000\050\000t\000h\000i\000s\000\040\000r\000e\000p\000o\000s\000i\000t\000o\000r\000y\000\051}{section.5}% 27
\BOOKMARK [1][-]{section.6}{\376\377\000D\000i\000s\000c\000u\000s\000s\000i\000o\000n}{}% 28
\BOOKMARK [1][-]{section.7}{\376\377\000P\000r\000e\000d\000i\000c\000t\000i\000o\000n\000s\000\040\000\046\000\040\000f\000a\000l\000s\000i\000f\000i\000a\000b\000i\000l\000i\000t\000y}{}% 29
\BOOKMARK [1][-]{section.8}{\376\377\000C\000o\000s\000m\000o\000l\000o\000g\000i\000c\000a\000l\000\040\000I\000m\000p\000l\000i\000c\000a\000t\000i\000o\000n\000s\000\040\000a\000n\000d\000\040\000t\000h\000e\000\040\000C\000M\000B}{}% 30
\BOOKMARK [2][-]{subsection.8.1}{\376\377\000A\000\040\000s\000t\000a\000t\000e\040\021\000d\000e\000p\000e\000n\000d\000e\000n\000t\000\040\000c\000o\000h\000e\000r\000e\000n\000c\000e\000\040\000l\000e\000n\000g\000t\000h}{section.8}% 31
\BOOKMARK [2][-]{subsection.8.2}{\376\377\000E\000a\000r\000l\000y\000\040\000u\000n\000i\000v\000e\000r\000s\000e\000\040\000a\000n\000d\000\040\000a\000c\000o\000u\000s\000t\000i\000c\000\040\000p\000e\000a\000k\000s}{section.8}% 32
\BOOKMARK [2][-]{subsection.8.3}{\376\377\000A\000\040\000g\000r\000a\000v\000i\000t\000a\000t\000i\000o\000n\000a\000l\000\040\000p\000h\000a\000s\000e\000\040\000t\000r\000a\000n\000s\000i\000t\000i\000o\000n\000\040\000a\000t\000\040\000r\000e\000c\000o\000m\000b\000i\000n\000a\000t\000i\000o\000n}{section.8}% 33
\BOOKMARK [2][-]{subsection.8.4}{\376\377\000L\000a\000t\000e\040\021\000t\000i\000m\000e\000\040\000I\000S\000W\000\040\000a\000n\000d\000\040\000s\000t\000r\000u\000c\000t\000u\000r\000e\000\040\000f\000o\000r\000m\000a\000t\000i\000o\000n}{section.8}% 34
\BOOKMARK [2][-]{subsection.8.5}{\376\377\000F\000u\000t\000u\000r\000e\000\040\000D\000i\000r\000e\000c\000t\000i\000o\000n\000s\000\040\000a\000n\000d\000\040\000C\000o\000s\000m\000o\000l\000o\000g\000i\000c\000a\000l\000\040\000F\000r\000o\000n\000t\000i\000e\000r\000s}{section.8}% 35
\BOOKMARK [3][-]{subsubsection.8.5.1}{\376\377\000H\000y\000p\000o\000t\000h\000e\000s\000i\000s\000\040\000\050\000s\000p\000e\000c\000u\000l\000a\000t\000i\000v\000e\000\051\000:\000\040\000e\000v\000o\000l\000v\000i\000n\000g\000\040\000c\000o\000h\000e\000r\000e\000n\000c\000e\000\040\000a\000n\000d\000\040\000e\000f\000f\000e\000c\000t\000i\000v\000e\000\040\000r\000e\000d\000s\000h\000i\000f\000t}{subsection.8.5}% 36
\BOOKMARK [3][-]{subsubsection.8.5.2}{\376\377\000F\000a\000l\000s\000i\000f\000i\000a\000b\000l\000e\000\040\000c\000o\000s\000m\000o\000l\000o\000g\000i\000c\000a\000l\000\040\000t\000e\000s\000t\000s}{subsection.8.5}% 37
\BOOKMARK [3][-]{subsubsection.8.5.3}{\376\377\000T\000h\000e\000o\000r\000e\000t\000i\000c\000a\000l\000\040\000r\000o\000a\000d\000m\000a\000p}{subsection.8.5}% 38
\BOOKMARK [1][-]{section.9}{\376\377\000R\000e\000p\000r\000o\000d\000u\000c\000i\000b\000i\000l\000i\000t\000y\000\040\000\046\000\040\000c\000o\000d\000e\000\040\000a\000v\000a\000i\000l\000a\000b\000i\000l\000i\000t\000y}{}% 39
\BOOKMARK [2][-]{subsection.9.1}{\376\377\000M\000i\000l\000k\000y\000\040\000W\000a\000y\000\040\000\050\000G\000a\000i\000a\000\040\000D\000R\0003\000\051\000\040\040\024\000\040\000e\000x\000a\000c\000t\000\040\000r\000e\000p\000l\000i\000c\000a\000t\000i\000o\000n\000\040\000\050\000t\000h\000i\000s\000\040\000r\000e\000p\000o\000\051}{section.9}% 40
\BOOKMARK [2][-]{subsection.9.2}{\376\377\000R\000e\000p\000o\000s\000i\000t\000o\000r\000y\000\040\000s\000t\000r\000u\000c\000t\000u\000r\000e\000\040\000\046\000\040\000p\000r\000e\000r\000e\000q\000u\000i\000s\000i\000t\000e\000s}{section.9}% 41
\BOOKMARK [2][-]{subsection.9.3}{\376\377\000G\000a\000l\000a\000x\000y\000\040\000\050\000R\000A\000R\000\051\000\040\000p\000i\000p\000e\000l\000i\000n\000e}{section.9}% 42
\BOOKMARK [2][-]{subsection.9.4}{\376\377\000C\000l\000u\000s\000t\000e\000r\000\040\000\050\003\243\040\021\000k\000e\000r\000n\000e\000l\000\051\000\040\000p\000i\000p\000e\000l\000i\000n\000e}{section.9}% 43
\BOOKMARK [2][-]{subsection.9.5}{\376\377\000T\000r\000i\000a\000x\000i\000a\000l\000\040\000t\000e\000s\000t\000s\000\040\000\046\000\040\000E\000i\000n\000s\000t\000e\000i\000n\000\040\000m\000a\000s\000s\000\040\000c\000h\000e\000c\000k\000s}{section.9}% 44
\BOOKMARK [2][-]{subsection.9.6}{\376\377\000H\000i\000e\000r\000a\000r\000c\000h\000i\000c\000a\000l\000\040\000c\000a\000l\000i\000b\000r\000a\000t\000i\000o\000n}{section.9}% 45
\BOOKMARK [2][-]{subsection.9.7}{\376\377\000B\000l\000i\000n\000d\000\040\000h\000o\000l\000d\040\021\000o\000u\000t\000s\000\040\000\050\000w\000i\000t\000h\000\040\000o\000v\000e\000r\000r\000i\000d\000e\000s\000\051}{section.9}% 46
\BOOKMARK [2][-]{subsection.9.8}{\376\377\000L\000e\000n\000s\000i\000n\000g\000\040\000v\000i\000s\000u\000a\000l\000s\000\040\000\050\003\272\000\040\000a\000n\000d\000\040\003\261\000\051\000\040\040\024\000\040\000q\000u\000i\000c\000k\000\040\000r\000e\000p\000r\000o\000d\000u\000c\000t\000i\000o\000n\000\040\000\050\000t\000h\000i\000s\000\040\000r\000e\000p\000o\000\051}{section.9}% 47
\BOOKMARK [1][-]{section.10}{\376\377\000W\000h\000a\000t\000\040\000c\000h\000a\000n\000g\000e\000d\000\040\000s\000i\000n\000c\000e\000\040\000t\000h\000e\000\040\000l\000a\000s\000t\000\040\000d\000r\000a\000f\000t}{}% 48
\BOOKMARK [1][-]{section.11}{\376\377\000P\000l\000a\000n\000n\000e\000d\000\040\000a\000n\000a\000l\000y\000s\000e\000s\000\040\000\046\000\040\000r\000o\000a\000d\000m\000a\000p}{}% 49
\BOOKMARK [2][-]{subsection.11.1}{\376\377\000S\000t\000a\000t\000e\000\040\000o\000f\000\040\000t\000h\000e\000\040\000u\000n\000i\000o\000n\000\040\000\050\000S\000o\000l\000a\000r\000\040\041\222\000\040\000G\000a\000l\000a\000x\000y\000\040\041\222\000\040\000C\000l\000u\000s\000t\000e\000r\000\051}{section.11}% 50
\BOOKMARK [1][-]{section.12}{\376\377\000a\000.\000\040\000F\000i\000g\000u\000r\000e\000s\000\040\000\050\000p\000a\000p\000e\000r\000\040\000b\000u\000n\000d\000l\000e\000\051}{}% 51
\BOOKMARK [1][-]{section.13}{\376\377\000C\000o\000n\000c\000l\000u\000s\000i\000o\000n}{}% 52
\BOOKMARK [1][-]{section.14}{\376\377\000A\000c\000k\000n\000o\000w\000l\000e\000d\000g\000m\000e\000n\000t\000s}{}% 53
\BOOKMARK [1][-]{section.15}{\376\377\000D\000a\000t\000a\000\040\000\046\000\040\000c\000o\000d\000e\000\040\000a\000v\000a\000i\000l\000a\000b\000i\000l\000i\000t\000y}{}% 54
\BOOKMARK [1][-]{section.16}{\376\377\000A\000p\000p\000e\000n\000d\000i\000x\000\040\000A\000\040\040\024\000\040\000I\000n\000t\000e\000g\000r\000a\000t\000i\000o\000n\040\021\000b\000y\040\021\000p\000a\000r\000t\000s\000\040\000a\000n\000d\000\040\000c\000a\000n\000c\000e\000l\000l\000a\000t\000i\000o\000n\000\040\000o\000f\000\040\000O\000\050\000v\000/\000c\000\051}{}% 55
\BOOKMARK [1][-]{section.17}{\376\377\000A\000p\000p\000e\000n\000d\000i\000x\000\040\000B\000\040\040\024\000\040\000E\000l\000l\000i\000p\000t\000i\000c\000\040\000r\000i\000n\000g\000\040\000k\000e\000r\000n\000e\000l\000\040\000\050\000e\000x\000a\000c\000t\000\040\000g\000e\000o\000m\000e\000t\000r\000y\000\051}{}% 56
\BOOKMARK [1][-]{section.18}{\376\377\000A\000p\000p\000e\000n\000d\000i\000x\000\040\000C\000\040\040\024\000\040\000S\000t\000a\000t\000i\000o\000n\000a\000r\000y\000\040\000p\000h\000a\000s\000e\000\040\000\046\000\040\000c\000o\000h\000e\000r\000e\000n\000c\000e\000\040\000w\000i\000n\000d\000o\000w}{}% 57
\BOOKMARK [2][-]{subsection.18.1}{\376\377\000C\000.\0001\000\040\000S\000u\000p\000e\000r\000s\000t\000a\000t\000i\000s\000t\000i\000c\000a\000l\000\040\000d\000e\000r\000i\000v\000a\000t\000i\000o\000n\000\040\000o\000f\000\040\000t\000h\000e\000\040\000c\000o\000h\000e\000r\000e\000n\000c\000e\000\040\000w\000i\000n\000d\000o\000w}{section.18}% 58
\BOOKMARK [1][-]{section.19}{\376\377\000A\000p\000p\000e\000n\000d\000i\000x\000\040\000D\000\040\040\024\000\040\000P\000N\000\040\000e\000r\000r\000o\000r\000\040\000b\000u\000d\000g\000e\000t}{}% 59
\BOOKMARK [1][-]{section.20}{\376\377\000A\000p\000p\000e\000n\000d\000i\000x\000\040\000E\000\040\040\024\000\040\000D\000a\000t\000a\000,\000\040\000c\000o\000d\000e\000,\000\040\000a\000n\000d\000\040\000r\000e\000p\000r\000o\000d\000u\000c\000i\000b\000i\000l\000i\000t\000y\000\040\000\050\000o\000n\000e\040\021\000s\000t\000o\000p\000\051}{}% 60
\BOOKMARK [1][-]{section.21}{\376\377\000A\000p\000p\000e\000n\000d\000i\000x\000\040\000F\000\040\040\024\000\040\000S\000t\000a\000t\000i\000o\000n\000a\000r\000y\040\021\000p\000h\000a\000s\000e\000\040\000r\000e\000d\000u\000c\000t\000i\000o\000n\000\040\000a\000n\000d\000\040\000p\000h\000e\000n\000o\000m\000e\000n\000o\000l\000o\000g\000i\000c\000a\000l\000\040\000c\000o\000h\000e\000r\000e\000n\000c\000e\000\040\000w\000i\000n\000d\000o\000w\000\040\000\050\000P\000R\000D\000\040\000e\000x\000c\000e\000r\000p\000t\000\051}{}% 61
\BOOKMARK [1][-]{section.22}{\376\377\000I\000.\000\040\000F\000U\000N\000D\000A\000M\000E\000N\000T\000A\000L\000\040\000P\000O\000S\000T\000U\000L\000A\000T\000E\000S}{}% 62
\BOOKMARK [2][-]{subsection.22.1}{\376\377\000A\000.\000\040\000G\000r\000a\000v\000i\000t\000a\000t\000i\000o\000n\000a\000l\000\040\000F\000i\000e\000l\000d\000\040\000a\000s\000\040\000Q\000u\000a\000n\000t\000u\000m\000\040\000S\000u\000p\000e\000r\000p\000o\000s\000i\000t\000i\000o\000n}{section.22}% 63
\BOOKMARK [2][-]{subsection.22.2}{\376\377\000B\000.\000\040\000S\000c\000a\000l\000e\040\021\000D\000e\000p\000e\000n\000d\000e\000n\000t\000\040\000D\000e\000c\000o\000h\000e\000r\000e\000n\000c\000e}{section.22}% 64
\BOOKMARK [1][-]{section.23}{\376\377\000I\000I\000.\000\040\000D\000E\000R\000I\000V\000A\000T\000I\000O\000N\000\040\000O\000F\000\040\000T\000H\000E\000\040\000E\000N\000H\000A\000N\000C\000E\000M\000E\000N\000T\000\040\000K\000E\000R\000N\000E\000L}{}% 65
\BOOKMARK [2][-]{subsection.23.1}{\376\377\000A\000.\000\040\000W\000e\000a\000k\040\021\000F\000i\000e\000l\000d\000\040\000E\000x\000p\000a\000n\000s\000i\000o\000n}{section.23}% 66
\BOOKMARK [2][-]{subsection.23.2}{\376\377\000B\000.\000\040\000P\000a\000t\000h\000\040\000S\000u\000m\000\040\000a\000n\000d\000\040\000S\000t\000a\000t\000i\000o\000n\000a\000r\000y\000\040\000P\000h\000a\000s\000e}{section.23}% 67
\BOOKMARK [2][-]{subsection.23.3}{\376\377\000C\000.\000\040\000C\000o\000h\000e\000r\000e\000n\000c\000e\000\040\000W\000e\000i\000g\000h\000t\000i\000n\000g}{section.23}% 68
\BOOKMARK [2][-]{subsection.23.4}{\376\377\000D\000.\000\040\000M\000u\000l\000t\000i\000p\000l\000i\000c\000a\000t\000i\000v\000e\000\040\000S\000t\000r\000u\000c\000t\000u\000r\000e}{section.23}% 69
\BOOKMARK [1][-]{section.24}{\376\377\000I\000I\000I\000.\000\040\000C\000U\000R\000L\040\021\000F\000R\000E\000E\000\040\000P\000R\000O\000P\000E\000R\000T\000Y}{}% 70
\BOOKMARK [1][-]{section.25}{\376\377\000I\000V\000.\000\040\000S\000O\000L\000A\000R\000\040\000S\000Y\000S\000T\000E\000M\000\040\000C\000O\000N\000S\000T\000R\000A\000I\000N\000T\000S}{}% 71
\BOOKMARK [1][-]{section.26}{\376\377\000V\000.\000\040\000A\000M\000P\000L\000I\000T\000U\000D\000E\000\040\000S\000C\000A\000L\000I\000N\000G\000:\000\040\000G\000A\000L\000A\000X\000I\000E\000S\000\040\000V\000S\000\040\000C\000L\000U\000S\000T\000E\000R\000S}{}% 72
\BOOKMARK [1][-]{section.27}{\376\377\000V\000I\000.\000\040\000Q\000U\000A\000N\000T\000I\000T\000A\000T\000I\000V\000E\000\040\000P\000R\000E\000D\000I\000C\000T\000I\000O\000N\000S}{}% 73
\BOOKMARK [1][-]{section.28}{\376\377\000F\000.\000\040\000T\000e\000c\000h\000n\000i\000c\000a\000l\000\040\000a\000d\000d\000e\000n\000d\000a\000\040\000\050\000s\000e\000l\000e\000c\000t\000e\000d\000\051}{}% 74
\BOOKMARK [2][-]{subsection.28.1}{\376\377\000F\000.\0001\000\040\000D\000i\000m\000e\000n\000s\000i\000o\000n\000a\000l\000\040\000a\000n\000a\000l\000y\000s\000i\000s\000\040\000o\000f\000\040\041\023\000\137\0000}{section.28}% 75
\BOOKMARK [2][-]{subsection.28.2}{\376\377\000F\000.\0002\000\040\000N\000u\000m\000e\000r\000i\000c\000a\000l\000\040\000k\000e\000r\000n\000e\000l\000\040\000\050\000e\000x\000a\000m\000p\000l\000e\000\051}{section.28}% 76
\BOOKMARK [2][-]{subsection.28.3}{\376\377\000F\000.\0003\000\040\000R\000i\000n\000g\000\040\000k\000e\000r\000n\000e\000l\000\040\000e\000x\000p\000r\000e\000s\000s\000i\000o\000n}{section.28}% 77
